2020-01-12 22:17:35 DEBUG 3612 --- [restartedMain] o.s.web.context.ContextLoader            : Published root WebApplicationContext as ServletContext attribute with name [org.springframework.web.context.WebApplicationContext.ROOT]
2020-01-12 22:17:35  INFO 3612 --- [restartedMain] o.s.web.context.ContextLoader            : Root WebApplicationContext: initialization completed in 2002 ms
2020-01-12 22:17:36 DEBUG 3612 --- [restartedMain] o.s.b.w.s.ServletContextInitializerBeans : Mapping filters: filterRegistrationBean urls=[/*] order=-2147483647, springSecurityFilterChain urls=[/*] order=-100, xssFilter urls=[/api/*] order=2147483647, characterEncodingFilter urls=[/*] order=-2147483648, formContentFilter urls=[/*] order=-9900, requestContextFilter urls=[/*] order=-105, productionSecurityFilter urls=[/*] order=2147483647, securityBasicAuthFilter urls=[/*] order=2147483647
2020-01-12 22:17:36 DEBUG 3612 --- [restartedMain] o.s.b.w.s.ServletContextInitializerBeans : Mapping servlets: dispatcherServlet urls=[/]
2020-01-12 22:17:36 ERROR 3612 --- [restartedMain] com.zaxxer.hikari.pool.HikariPool        : HikariPool-1 - Error thrown while acquiring connection from data source

java.sql.SQLSyntaxErrorException: You have an error in your SQL syntax; check the manual that corresponds to your MySQL server version for the right syntax to use near '1' at line 1
	at com.mysql.cj.jdbc.exceptions.SQLError.createSQLException(SQLError.java:120) ~[mysql-connector-java-8.0.18.jar:8.0.18]
	at com.mysql.cj.jdbc.exceptions.SQLError.createSQLException(SQLError.java:97) ~[mysql-connector-java-8.0.18.jar:8.0.18]
	at com.mysql.cj.jdbc.exceptions.SQLExceptionsMapping.translateException(SQLExceptionsMapping.java:122) ~[mysql-connector-java-8.0.18.jar:8.0.18]
	at com.mysql.cj.jdbc.StatementImpl.executeInternal(StatementImpl.java:764) ~[mysql-connector-java-8.0.18.jar:8.0.18]
	at com.mysql.cj.jdbc.StatementImpl.execute(StatementImpl.java:648) ~[mysql-connector-java-8.0.18.jar:8.0.18]
	at com.zaxxer.hikari.pool.PoolBase.executeSql(PoolBase.java:569) ~[HikariCP-3.4.1.jar:na]
	at com.zaxxer.hikari.pool.PoolBase.setupConnection(PoolBase.java:416) ~[HikariCP-3.4.1.jar:na]
	at com.zaxxer.hikari.pool.PoolBase.newConnection(PoolBase.java:355) ~[HikariCP-3.4.1.jar:na]
	at com.zaxxer.hikari.pool.PoolBase.newPoolEntry(PoolBase.java:201) ~[HikariCP-3.4.1.jar:na]
	at com.zaxxer.hikari.pool.HikariPool.createPoolEntry(HikariPool.java:473) [HikariCP-3.4.1.jar:na]
	at com.zaxxer.hikari.pool.HikariPool.checkFailFast(HikariPool.java:562) [HikariCP-3.4.1.jar:na]
	at com.zaxxer.hikari.pool.HikariPool.<init>(HikariPool.java:115) [HikariCP-3.4.1.jar:na]
	at com.zaxxer.hikari.HikariDataSource.getConnection(HikariDataSource.java:112) [HikariCP-3.4.1.jar:na]
	at io.ebeaninternal.server.core.DefaultContainer.checkDataSource(DefaultContainer.java:316) [ebean-11.36.4.jar:na]
	at io.ebeaninternal.server.core.DefaultContainer.createServer(DefaultContainer.java:106) [ebean-11.36.4.jar:na]
	at io.ebeaninternal.server.core.DefaultContainer.createServer(DefaultContainer.java:35) [ebean-11.36.4.jar:na]
	at io.ebean.EbeanServerFactory.createInternal(EbeanServerFactory.java:109) [ebean-11.36.4.jar:na]
	at io.ebean.EbeanServerFactory.create(EbeanServerFactory.java:70) [ebean-11.36.4.jar:na]
	at com.wmc.config.ebean.EbeanConfigFactoryBean.afterPropertiesSet(EbeanConfigFactoryBean.java:64) [classes/:na]
	at org.springframework.beans.factory.support.AbstractAutowireCapableBeanFactory.invokeInitMethods(AbstractAutowireCapableBeanFactory.java:1862) [spring-beans-5.2.1.RELEASE.jar:5.2.1.RELEASE]
	at org.springframework.beans.factory.support.AbstractAutowireCapableBeanFactory.initializeBean(AbstractAutowireCapableBeanFactory.java:1799) [spring-beans-5.2.1.RELEASE.jar:5.2.1.RELEASE]
	at org.springframework.beans.factory.support.AbstractAutowireCapableBeanFactory.doCreateBean(AbstractAutowireCapableBeanFactory.java:595) [spring-beans-5.2.1.RELEASE.jar:5.2.1.RELEASE]
	at org.springframework.beans.factory.support.AbstractAutowireCapableBeanFactory.createBean(AbstractAutowireCapableBeanFactory.java:517) [spring-beans-5.2.1.RELEASE.jar:5.2.1.RELEASE]
	at org.springframework.beans.factory.support.AbstractBeanFactory.lambda$doGetBean$0(AbstractBeanFactory.java:323) [spring-beans-5.2.1.RELEASE.jar:5.2.1.RELEASE]
	at org.springframework.beans.factory.support.AbstractBeanFactory$$Lambda$178/1214246442.getObject(Unknown Source) [spring-beans-5.2.1.RELEASE.jar:5.2.1.RELEASE]
	at org.springframework.beans.factory.support.DefaultSingletonBeanRegistry.getSingleton(DefaultSingletonBeanRegistry.java:222) [spring-beans-5.2.1.RELEASE.jar:5.2.1.RELEASE]
	at org.springframework.beans.factory.support.AbstractBeanFactory.doGetBean(AbstractBeanFactory.java:321) [spring-beans-5.2.1.RELEASE.jar:5.2.1.RELEASE]
	at org.springframework.beans.factory.support.AbstractBeanFactory.getBean(AbstractBeanFactory.java:202) [spring-beans-5.2.1.RELEASE.jar:5.2.1.RELEASE]
	at org.springframework.beans.factory.support.DefaultListableBeanFactory.preInstantiateSingletons(DefaultListableBeanFactory.java:860) [spring-beans-5.2.1.RELEASE.jar:5.2.1.RELEASE]
	at org.springframework.context.support.AbstractApplicationContext.finishBeanFactoryInitialization(AbstractApplicationContext.java:878) [spring-context-5.2.1.RELEASE.jar:5.2.1.RELEASE]
	at org.springframework.context.support.AbstractApplicationContext.refresh(AbstractApplicationContext.java:550) [spring-context-5.2.1.RELEASE.jar:5.2.1.RELEASE]
	at org.springframework.boot.web.servlet.context.ServletWebServerApplicationContext.refresh(ServletWebServerApplicationContext.java:141) [spring-boot-2.2.1.RELEASE.jar:2.2.1.RELEASE]
	at org.springframework.boot.SpringApplication.refresh(SpringApplication.java:747) [spring-boot-2.2.1.RELEASE.jar:2.2.1.RELEASE]
	at org.springframework.boot.SpringApplication.refreshContext(SpringApplication.java:397) [spring-boot-2.2.1.RELEASE.jar:2.2.1.RELEASE]
	at org.springframework.boot.SpringApplication.run(SpringApplication.java:315) [spring-boot-2.2.1.RELEASE.jar:2.2.1.RELEASE]
	at org.springframework.boot.SpringApplication.run(SpringApplication.java:1226) [spring-boot-2.2.1.RELEASE.jar:2.2.1.RELEASE]
	at org.springframework.boot.SpringApplication.run(SpringApplication.java:1215) [spring-boot-2.2.1.RELEASE.jar:2.2.1.RELEASE]
	at com.wmc.App.main(App.java:24) [classes/:na]
	at sun.reflect.NativeMethodAccessorImpl.invoke0(Native Method) ~[na:1.8.0_20]
	at sun.reflect.NativeMethodAccessorImpl.invoke(Unknown Source) ~[na:1.8.0_20]
	at sun.reflect.DelegatingMethodAccessorImpl.invoke(Unknown Source) ~[na:1.8.0_20]
	at java.lang.reflect.Method.invoke(Unknown Source) ~[na:1.8.0_20]
	at org.springframework.boot.devtools.restart.RestartLauncher.run(RestartLauncher.java:49) [spring-boot-devtools-2.2.1.RELEASE.jar:2.2.1.RELEASE]

2020-01-12 22:17:36 ERROR 3612 --- [restartedMain] com.zaxxer.hikari.pool.HikariPool        : HikariPool-1 - Exception during pool initialization.

java.sql.SQLSyntaxErrorException: You have an error in your SQL syntax; check the manual that corresponds to your MySQL server version for the right syntax to use near '1' at line 1
	at com.mysql.cj.jdbc.exceptions.SQLError.createSQLException(SQLError.java:120) ~[mysql-connector-java-8.0.18.jar:8.0.18]
	at com.mysql.cj.jdbc.exceptions.SQLError.createSQLException(SQLError.java:97) ~[mysql-connector-java-8.0.18.jar:8.0.18]
	at com.mysql.cj.jdbc.exceptions.SQLExceptionsMapping.translateException(SQLExceptionsMapping.java:122) ~[mysql-connector-java-8.0.18.jar:8.0.18]
	at com.mysql.cj.jdbc.StatementImpl.executeInternal(StatementImpl.java:764) ~[mysql-connector-java-8.0.18.jar:8.0.18]
	at com.mysql.cj.jdbc.StatementImpl.execute(StatementImpl.java:648) ~[mysql-connector-java-8.0.18.jar:8.0.18]
	at com.zaxxer.hikari.pool.PoolBase.executeSql(PoolBase.java:569) ~[HikariCP-3.4.1.jar:na]
	at com.zaxxer.hikari.pool.PoolBase.setupConnection(PoolBase.java:416) ~[HikariCP-3.4.1.jar:na]
	at com.zaxxer.hikari.pool.PoolBase.newConnection(PoolBase.java:355) ~[HikariCP-3.4.1.jar:na]
	at com.zaxxer.hikari.pool.PoolBase.newPoolEntry(PoolBase.java:201) ~[HikariCP-3.4.1.jar:na]
	at com.zaxxer.hikari.pool.HikariPool.createPoolEntry(HikariPool.java:473) [HikariCP-3.4.1.jar:na]
	at com.zaxxer.hikari.pool.HikariPool.checkFailFast(HikariPool.java:562) [HikariCP-3.4.1.jar:na]
	at com.zaxxer.hikari.pool.HikariPool.<init>(HikariPool.java:115) [HikariCP-3.4.1.jar:na]
	at com.zaxxer.hikari.HikariDataSource.getConnection(HikariDataSource.java:112) [HikariCP-3.4.1.jar:na]
	at io.ebeaninternal.server.core.DefaultContainer.checkDataSource(DefaultContainer.java:316) [ebean-11.36.4.jar:na]
	at io.ebeaninternal.server.core.DefaultContainer.createServer(DefaultContainer.java:106) [ebean-11.36.4.jar:na]
	at io.ebeaninternal.server.core.DefaultContainer.createServer(DefaultContainer.java:35) [ebean-11.36.4.jar:na]
	at io.ebean.EbeanServerFactory.createInternal(EbeanServerFactory.java:109) [ebean-11.36.4.jar:na]
	at io.ebean.EbeanServerFactory.create(EbeanServerFactory.java:70) [ebean-11.36.4.jar:na]
	at com.wmc.config.ebean.EbeanConfigFactoryBean.afterPropertiesSet(EbeanConfigFactoryBean.java:64) [classes/:na]
	at org.springframework.beans.factory.support.AbstractAutowireCapableBeanFactory.invokeInitMethods(AbstractAutowireCapableBeanFactory.java:1862) [spring-beans-5.2.1.RELEASE.jar:5.2.1.RELEASE]
	at org.springframework.beans.factory.support.AbstractAutowireCapableBeanFactory.initializeBean(AbstractAutowireCapableBeanFactory.java:1799) [spring-beans-5.2.1.RELEASE.jar:5.2.1.RELEASE]
	at org.springframework.beans.factory.support.AbstractAutowireCapableBeanFactory.doCreateBean(AbstractAutowireCapableBeanFactory.java:595) [spring-beans-5.2.1.RELEASE.jar:5.2.1.RELEASE]
	at org.springframework.beans.factory.support.AbstractAutowireCapableBeanFactory.createBean(AbstractAutowireCapableBeanFactory.java:517) [spring-beans-5.2.1.RELEASE.jar:5.2.1.RELEASE]
	at org.springframework.beans.factory.support.AbstractBeanFactory.lambda$doGetBean$0(AbstractBeanFactory.java:323) [spring-beans-5.2.1.RELEASE.jar:5.2.1.RELEASE]
	at org.springframework.beans.factory.support.AbstractBeanFactory$$Lambda$178/1214246442.getObject(Unknown Source) [spring-beans-5.2.1.RELEASE.jar:5.2.1.RELEASE]
	at org.springframework.beans.factory.support.DefaultSingletonBeanRegistry.getSingleton(DefaultSingletonBeanRegistry.java:222) [spring-beans-5.2.1.RELEASE.jar:5.2.1.RELEASE]
	at org.springframework.beans.factory.support.AbstractBeanFactory.doGetBean(AbstractBeanFactory.java:321) [spring-beans-5.2.1.RELEASE.jar:5.2.1.RELEASE]
	at org.springframework.beans.factory.support.AbstractBeanFactory.getBean(AbstractBeanFactory.java:202) [spring-beans-5.2.1.RELEASE.jar:5.2.1.RELEASE]
	at org.springframework.beans.factory.support.DefaultListableBeanFactory.preInstantiateSingletons(DefaultListableBeanFactory.java:860) [spring-beans-5.2.1.RELEASE.jar:5.2.1.RELEASE]
	at org.springframework.context.support.AbstractApplicationContext.finishBeanFactoryInitialization(AbstractApplicationContext.java:878) [spring-context-5.2.1.RELEASE.jar:5.2.1.RELEASE]
	at org.springframework.context.support.AbstractApplicationContext.refresh(AbstractApplicationContext.java:550) [spring-context-5.2.1.RELEASE.jar:5.2.1.RELEASE]
	at org.springframework.boot.web.servlet.context.ServletWebServerApplicationContext.refresh(ServletWebServerApplicationContext.java:141) [spring-boot-2.2.1.RELEASE.jar:2.2.1.RELEASE]
	at org.springframework.boot.SpringApplication.refresh(SpringApplication.java:747) [spring-boot-2.2.1.RELEASE.jar:2.2.1.RELEASE]
	at org.springframework.boot.SpringApplication.refreshContext(SpringApplication.java:397) [spring-boot-2.2.1.RELEASE.jar:2.2.1.RELEASE]
	at org.springframework.boot.SpringApplication.run(SpringApplication.java:315) [spring-boot-2.2.1.RELEASE.jar:2.2.1.RELEASE]
	at org.springframework.boot.SpringApplication.run(SpringApplication.java:1226) [spring-boot-2.2.1.RELEASE.jar:2.2.1.RELEASE]
	at org.springframework.boot.SpringApplication.run(SpringApplication.java:1215) [spring-boot-2.2.1.RELEASE.jar:2.2.1.RELEASE]
	at com.wmc.App.main(App.java:24) [classes/:na]
	at sun.reflect.NativeMethodAccessorImpl.invoke0(Native Method) ~[na:1.8.0_20]
	at sun.reflect.NativeMethodAccessorImpl.invoke(Unknown Source) ~[na:1.8.0_20]
	at sun.reflect.DelegatingMethodAccessorImpl.invoke(Unknown Source) ~[na:1.8.0_20]
	at java.lang.reflect.Method.invoke(Unknown Source) ~[na:1.8.0_20]
	at org.springframework.boot.devtools.restart.RestartLauncher.run(RestartLauncher.java:49) [spring-boot-devtools-2.2.1.RELEASE.jar:2.2.1.RELEASE]

2020-01-12 22:17:36  WARN 3612 --- [restartedMain] ConfigServletWebServerApplicationContext : Exception encountered during context initialization - cancelling refresh attempt: org.springframework.beans.factory.BeanCreationException: Error creating bean with name 'ebeanConfigFactoryBean' defined in file [D:\Learning-WorkSpace\idea\springboot\target\classes\com\wmc\config\ebean\EbeanConfigFactoryBean.class]: Invocation of init method failed; nested exception is javax.persistence.PersistenceException: java.sql.SQLSyntaxErrorException: You have an error in your SQL syntax; check the manual that corresponds to your MySQL server version for the right syntax to use near '1' at line 1
2020-01-12 22:17:36 ERROR 3612 --- [restartedMain] o.s.boot.SpringApplication               : Application run failed

org.springframework.beans.factory.BeanCreationException: Error creating bean with name 'ebeanConfigFactoryBean' defined in file [D:\Learning-WorkSpace\idea\springboot\target\classes\com\wmc\config\ebean\EbeanConfigFactoryBean.class]: Invocation of init method failed; nested exception is javax.persistence.PersistenceException: java.sql.SQLSyntaxErrorException: You have an error in your SQL syntax; check the manual that corresponds to your MySQL server version for the right syntax to use near '1' at line 1
	at org.springframework.beans.factory.support.AbstractAutowireCapableBeanFactory.initializeBean(AbstractAutowireCapableBeanFactory.java:1803) ~[spring-beans-5.2.1.RELEASE.jar:5.2.1.RELEASE]
	at org.springframework.beans.factory.support.AbstractAutowireCapableBeanFactory.doCreateBean(AbstractAutowireCapableBeanFactory.java:595) ~[spring-beans-5.2.1.RELEASE.jar:5.2.1.RELEASE]
	at org.springframework.beans.factory.support.AbstractAutowireCapableBeanFactory.createBean(AbstractAutowireCapableBeanFactory.java:517) ~[spring-beans-5.2.1.RELEASE.jar:5.2.1.RELEASE]
	at org.springframework.beans.factory.support.AbstractBeanFactory.lambda$doGetBean$0(AbstractBeanFactory.java:323) ~[spring-beans-5.2.1.RELEASE.jar:5.2.1.RELEASE]
	at org.springframework.beans.factory.support.AbstractBeanFactory$$Lambda$178/1214246442.getObject(Unknown Source) ~[na:na]
	at org.springframework.beans.factory.support.DefaultSingletonBeanRegistry.getSingleton(DefaultSingletonBeanRegistry.java:222) ~[spring-beans-5.2.1.RELEASE.jar:5.2.1.RELEASE]
	at org.springframework.beans.factory.support.AbstractBeanFactory.doGetBean(AbstractBeanFactory.java:321) ~[spring-beans-5.2.1.RELEASE.jar:5.2.1.RELEASE]
	at org.springframework.beans.factory.support.AbstractBeanFactory.getBean(AbstractBeanFactory.java:202) ~[spring-beans-5.2.1.RELEASE.jar:5.2.1.RELEASE]
	at org.springframework.beans.factory.support.DefaultListableBeanFactory.preInstantiateSingletons(DefaultListableBeanFactory.java:860) ~[spring-beans-5.2.1.RELEASE.jar:5.2.1.RELEASE]
	at org.springframework.context.support.AbstractApplicationContext.finishBeanFactoryInitialization(AbstractApplicationContext.java:878) ~[spring-context-5.2.1.RELEASE.jar:5.2.1.RELEASE]
	at org.springframework.context.support.AbstractApplicationContext.refresh(AbstractApplicationContext.java:550) ~[spring-context-5.2.1.RELEASE.jar:5.2.1.RELEASE]
	at org.springframework.boot.web.servlet.context.ServletWebServerApplicationContext.refresh(ServletWebServerApplicationContext.java:141) ~[spring-boot-2.2.1.RELEASE.jar:2.2.1.RELEASE]
	at org.springframework.boot.SpringApplication.refresh(SpringApplication.java:747) [spring-boot-2.2.1.RELEASE.jar:2.2.1.RELEASE]
	at org.springframework.boot.SpringApplication.refreshContext(SpringApplication.java:397) [spring-boot-2.2.1.RELEASE.jar:2.2.1.RELEASE]
	at org.springframework.boot.SpringApplication.run(SpringApplication.java:315) [spring-boot-2.2.1.RELEASE.jar:2.2.1.RELEASE]
	at org.springframework.boot.SpringApplication.run(SpringApplication.java:1226) [spring-boot-2.2.1.RELEASE.jar:2.2.1.RELEASE]
	at org.springframework.boot.SpringApplication.run(SpringApplication.java:1215) [spring-boot-2.2.1.RELEASE.jar:2.2.1.RELEASE]
	at com.wmc.App.main(App.java:24) [classes/:na]
	at sun.reflect.NativeMethodAccessorImpl.invoke0(Native Method) ~[na:1.8.0_20]
	at sun.reflect.NativeMethodAccessorImpl.invoke(Unknown Source) ~[na:1.8.0_20]
	at sun.reflect.DelegatingMethodAccessorImpl.invoke(Unknown Source) ~[na:1.8.0_20]
	at java.lang.reflect.Method.invoke(Unknown Source) ~[na:1.8.0_20]
	at org.springframework.boot.devtools.restart.RestartLauncher.run(RestartLauncher.java:49) [spring-boot-devtools-2.2.1.RELEASE.jar:2.2.1.RELEASE]
Caused by: javax.persistence.PersistenceException: java.sql.SQLSyntaxErrorException: You have an error in your SQL syntax; check the manual that corresponds to your MySQL server version for the right syntax to use near '1' at line 1
	at io.ebeaninternal.server.core.DefaultContainer.checkDataSource(DefaultContainer.java:323) ~[ebean-11.36.4.jar:na]
	at io.ebeaninternal.server.core.DefaultContainer.createServer(DefaultContainer.java:106) ~[ebean-11.36.4.jar:na]
	at io.ebeaninternal.server.core.DefaultContainer.createServer(DefaultContainer.java:35) ~[ebean-11.36.4.jar:na]
	at io.ebean.EbeanServerFactory.createInternal(EbeanServerFactory.java:109) ~[ebean-11.36.4.jar:na]
	at io.ebean.EbeanServerFactory.create(EbeanServerFactory.java:70) ~[ebean-11.36.4.jar:na]
	at com.wmc.config.ebean.EbeanConfigFactoryBean.afterPropertiesSet(EbeanConfigFactoryBean.java:64) ~[classes/:na]
	at org.springframework.beans.factory.support.AbstractAutowireCapableBeanFactory.invokeInitMethods(AbstractAutowireCapableBeanFactory.java:1862) ~[spring-beans-5.2.1.RELEASE.jar:5.2.1.RELEASE]
	at org.springframework.beans.factory.support.AbstractAutowireCapableBeanFactory.initializeBean(AbstractAutowireCapableBeanFactory.java:1799) ~[spring-beans-5.2.1.RELEASE.jar:5.2.1.RELEASE]
	... 22 common frames omitted
Caused by: java.sql.SQLSyntaxErrorException: You have an error in your SQL syntax; check the manual that corresponds to your MySQL server version for the right syntax to use near '1' at line 1
	at com.mysql.cj.jdbc.exceptions.SQLError.createSQLException(SQLError.java:120) ~[mysql-connector-java-8.0.18.jar:8.0.18]
	at com.mysql.cj.jdbc.exceptions.SQLError.createSQLException(SQLError.java:97) ~[mysql-connector-java-8.0.18.jar:8.0.18]
	at com.mysql.cj.jdbc.exceptions.SQLExceptionsMapping.translateException(SQLExceptionsMapping.java:122) ~[mysql-connector-java-8.0.18.jar:8.0.18]
	at com.mysql.cj.jdbc.StatementImpl.executeInternal(StatementImpl.java:764) ~[mysql-connector-java-8.0.18.jar:8.0.18]
	at com.mysql.cj.jdbc.StatementImpl.execute(StatementImpl.java:648) ~[mysql-connector-java-8.0.18.jar:8.0.18]
	at com.zaxxer.hikari.pool.PoolBase.executeSql(PoolBase.java:569) ~[HikariCP-3.4.1.jar:na]
	at com.zaxxer.hikari.pool.PoolBase.setupConnection(PoolBase.java:416) ~[HikariCP-3.4.1.jar:na]
	at com.zaxxer.hikari.pool.PoolBase.newConnection(PoolBase.java:355) ~[HikariCP-3.4.1.jar:na]
	at com.zaxxer.hikari.pool.PoolBase.newPoolEntry(PoolBase.java:201) ~[HikariCP-3.4.1.jar:na]
	at com.zaxxer.hikari.pool.HikariPool.createPoolEntry(HikariPool.java:473) ~[HikariCP-3.4.1.jar:na]
	at com.zaxxer.hikari.pool.HikariPool.checkFailFast(HikariPool.java:562) ~[HikariCP-3.4.1.jar:na]
	at com.zaxxer.hikari.pool.HikariPool.<init>(HikariPool.java:115) ~[HikariCP-3.4.1.jar:na]
	at com.zaxxer.hikari.HikariDataSource.getConnection(HikariDataSource.java:112) ~[HikariCP-3.4.1.jar:na]
	at io.ebeaninternal.server.core.DefaultContainer.checkDataSource(DefaultContainer.java:316) ~[ebean-11.36.4.jar:na]
	... 29 common frames omitted

2020-01-12 22:20:49 DEBUG 17656 --- [restartedMain] o.s.web.context.ContextLoader            : Published root WebApplicationContext as ServletContext attribute with name [org.springframework.web.context.WebApplicationContext.ROOT]
2020-01-12 22:20:49  INFO 17656 --- [restartedMain] o.s.web.context.ContextLoader            : Root WebApplicationContext: initialization completed in 1895 ms
2020-01-12 22:20:49 DEBUG 17656 --- [restartedMain] o.s.b.w.s.ServletContextInitializerBeans : Mapping filters: filterRegistrationBean urls=[/*] order=-2147483647, springSecurityFilterChain urls=[/*] order=-100, xssFilter urls=[/api/*] order=2147483647, characterEncodingFilter urls=[/*] order=-2147483648, formContentFilter urls=[/*] order=-9900, requestContextFilter urls=[/*] order=-105, productionSecurityFilter urls=[/*] order=2147483647, securityBasicAuthFilter urls=[/*] order=2147483647
2020-01-12 22:20:49 DEBUG 17656 --- [restartedMain] o.s.b.w.s.ServletContextInitializerBeans : Mapping servlets: dispatcherServlet urls=[/]
2020-01-12 22:20:50 DEBUG 17656 --- [restartedMain] s.w.s.m.m.a.RequestMappingHandlerMapping : 11 mappings in 'requestMappingHandlerMapping'
2020-01-12 22:20:50  INFO 17656 --- [restartedMain] o.s.b.a.e.web.EndpointLinksResolver      : Exposing 2 endpoint(s) beneath base path '/actuator'
2020-01-12 22:20:51 DEBUG 17656 --- [restartedMain] s.w.s.m.m.a.RequestMappingHandlerAdapter : ControllerAdvice beans: 0 @ModelAttribute, 0 @InitBinder, 1 RequestBodyAdvice, 1 ResponseBodyAdvice
2020-01-12 22:20:51 DEBUG 17656 --- [restartedMain] o.s.w.s.handler.SimpleUrlHandlerMapping  : Patterns [/webjars/**, /**] in 'resourceHandlerMapping'
2020-01-12 22:20:51 DEBUG 17656 --- [restartedMain] .m.m.a.ExceptionHandlerExceptionResolver : ControllerAdvice beans: 2 @ExceptionHandler, 1 ResponseBodyAdvice
2020-01-12 22:20:51 DEBUG 17656 --- [restartedMain] o.s.w.s.s.s.ServerEndpointExporter       : Registering @ServerEndpoint class: class com.wmc.config.websocket.WebSocketServer
2020-01-12 22:21:53 DEBUG 7016 --- [restartedMain] o.s.web.context.ContextLoader            : Published root WebApplicationContext as ServletContext attribute with name [org.springframework.web.context.WebApplicationContext.ROOT]
2020-01-12 22:21:53  INFO 7016 --- [restartedMain] o.s.web.context.ContextLoader            : Root WebApplicationContext: initialization completed in 1919 ms
2020-01-12 22:21:53 DEBUG 7016 --- [restartedMain] o.s.b.w.s.ServletContextInitializerBeans : Mapping filters: filterRegistrationBean urls=[/*] order=-2147483647, springSecurityFilterChain urls=[/*] order=-100, xssFilter urls=[/api/*] order=2147483647, characterEncodingFilter urls=[/*] order=-2147483648, formContentFilter urls=[/*] order=-9900, requestContextFilter urls=[/*] order=-105, productionSecurityFilter urls=[/*] order=2147483647, securityBasicAuthFilter urls=[/*] order=2147483647
2020-01-12 22:21:53 DEBUG 7016 --- [restartedMain] o.s.b.w.s.ServletContextInitializerBeans : Mapping servlets: dispatcherServlet urls=[/]
2020-01-12 22:21:54 DEBUG 7016 --- [restartedMain] s.w.s.m.m.a.RequestMappingHandlerMapping : 11 mappings in 'requestMappingHandlerMapping'
2020-01-12 22:21:55  INFO 7016 --- [restartedMain] o.s.b.a.e.web.EndpointLinksResolver      : Exposing 2 endpoint(s) beneath base path '/actuator'
2020-01-12 22:21:55 DEBUG 7016 --- [restartedMain] s.w.s.m.m.a.RequestMappingHandlerAdapter : ControllerAdvice beans: 0 @ModelAttribute, 0 @InitBinder, 1 RequestBodyAdvice, 1 ResponseBodyAdvice
2020-01-12 22:21:55 DEBUG 7016 --- [restartedMain] o.s.w.s.handler.SimpleUrlHandlerMapping  : Patterns [/webjars/**, /**] in 'resourceHandlerMapping'
2020-01-12 22:21:55 DEBUG 7016 --- [restartedMain] .m.m.a.ExceptionHandlerExceptionResolver : ControllerAdvice beans: 2 @ExceptionHandler, 1 ResponseBodyAdvice
2020-01-12 22:21:55 DEBUG 7016 --- [restartedMain] o.s.w.s.s.s.ServerEndpointExporter       : Registering @ServerEndpoint class: class com.wmc.config.websocket.WebSocketServer
2020-01-12 22:22:13  INFO 7016 --- [http-nio-8081-exec-1] o.s.web.servlet.DispatcherServlet        : Initializing Servlet 'dispatcherServlet'
2020-01-12 22:22:13 DEBUG 7016 --- [http-nio-8081-exec-1] o.s.web.servlet.DispatcherServlet        : Detected StandardServletMultipartResolver
2020-01-12 22:22:13 DEBUG 7016 --- [http-nio-8081-exec-1] o.s.web.servlet.DispatcherServlet        : enableLoggingRequestDetails='false': request parameters and headers will be masked to prevent unsafe logging of potentially sensitive data
2020-01-12 22:22:13  INFO 7016 --- [http-nio-8081-exec-1] o.s.web.servlet.DispatcherServlet        : Completed initialization in 12 ms
2020-01-12 22:22:13 DEBUG 7016 --- [http-nio-8081-exec-1] o.s.web.servlet.DispatcherServlet        : GET "/page", parameters={}
2020-01-12 22:22:13 DEBUG 7016 --- [http-nio-8081-exec-1] s.w.s.m.m.a.RequestMappingHandlerMapping : Mapped to com.wmc.config.websocket.WebSocketPage#page()
2020-01-12 22:22:13 DEBUG 7016 --- [http-nio-8081-exec-1] o.s.w.s.v.ContentNegotiatingViewResolver : Selected 'text/html' given [text/html, application/xhtml+xml, image/webp, image/apng, application/xml;q=0.9, */*;q=0.8]
2020-01-12 22:22:13 DEBUG 7016 --- [http-nio-8081-exec-1] o.s.w.servlet.view.InternalResourceView  : View name '/layui/index.html', model {}
2020-01-12 22:22:13 DEBUG 7016 --- [http-nio-8081-exec-1] o.s.w.servlet.view.InternalResourceView  : Forwarding to [/layui/index.html]
2020-01-12 22:22:13 DEBUG 7016 --- [http-nio-8081-exec-1] o.s.web.servlet.DispatcherServlet        : "FORWARD" dispatch for GET "/layui/index.html", parameters={}
2020-01-12 22:22:13 DEBUG 7016 --- [http-nio-8081-exec-1] o.s.w.s.handler.SimpleUrlHandlerMapping  : Mapped to ResourceHttpRequestHandler ["classpath:/META-INF/resources/", "classpath:/resources/", "classpath:/static/", "classpath:/public/", "/"]
2020-01-12 22:22:13 DEBUG 7016 --- [http-nio-8081-exec-1] o.s.w.s.r.ResourceHttpRequestHandler     : Resource not found
2020-01-12 22:22:13 DEBUG 7016 --- [http-nio-8081-exec-1] o.s.web.servlet.DispatcherServlet        : Exiting from "FORWARD" dispatch, status 404
2020-01-12 22:22:13 DEBUG 7016 --- [http-nio-8081-exec-1] o.s.web.servlet.DispatcherServlet        : Completed 404 NOT_FOUND
2020-01-12 22:22:13 DEBUG 7016 --- [http-nio-8081-exec-1] o.s.web.servlet.DispatcherServlet        : "ERROR" dispatch for GET "/error", parameters={}
2020-01-12 22:22:13 DEBUG 7016 --- [http-nio-8081-exec-1] s.w.s.m.m.a.RequestMappingHandlerMapping : Mapped to org.springframework.boot.autoconfigure.web.servlet.error.BasicErrorController#errorHtml(HttpServletRequest, HttpServletResponse)
2020-01-12 22:22:13 DEBUG 7016 --- [http-nio-8081-exec-1] o.s.w.s.v.ContentNegotiatingViewResolver : Selected 'text/html' given [text/html, text/html;q=0.8]
2020-01-12 22:22:13 DEBUG 7016 --- [http-nio-8081-exec-1] o.s.web.servlet.DispatcherServlet        : Exiting from "ERROR" dispatch, status 404
2020-01-12 22:22:13 DEBUG 7016 --- [http-nio-8081-exec-2] o.s.web.servlet.DispatcherServlet        : GET "/favicon.ico", parameters={}
2020-01-12 22:22:13 DEBUG 7016 --- [http-nio-8081-exec-2] o.s.w.s.handler.SimpleUrlHandlerMapping  : Mapped to ResourceHttpRequestHandler ["classpath:/META-INF/resources/", "classpath:/resources/", "classpath:/static/", "classpath:/public/", "/"]
2020-01-12 22:22:13 DEBUG 7016 --- [http-nio-8081-exec-2] o.s.w.s.r.ResourceHttpRequestHandler     : Resource not found
2020-01-12 22:22:13 DEBUG 7016 --- [http-nio-8081-exec-2] o.s.web.servlet.DispatcherServlet        : Completed 404 NOT_FOUND
2020-01-12 22:22:13 DEBUG 7016 --- [http-nio-8081-exec-2] o.s.web.servlet.DispatcherServlet        : "ERROR" dispatch for GET "/error", parameters={}
2020-01-12 22:22:13 DEBUG 7016 --- [http-nio-8081-exec-2] s.w.s.m.m.a.RequestMappingHandlerMapping : Mapped to org.springframework.boot.autoconfigure.web.servlet.error.BasicErrorController#error(HttpServletRequest)
2020-01-12 22:22:13 DEBUG 7016 --- [http-nio-8081-exec-2] o.s.w.s.m.m.a.HttpEntityMethodProcessor  : Using 'application/json;q=0.8', given [image/webp, image/apng, image/*, */*;q=0.8] and supported [application/json, application/json, application/*+json]
2020-01-12 22:22:13 DEBUG 7016 --- [http-nio-8081-exec-2] o.s.w.s.m.m.a.HttpEntityMethodProcessor  : Writing [{timestamp=Sun Jan 12 22:22:13 CST 2020, status=404, error=Not Found, message=No message available,  (truncated)...]
2020-01-12 22:22:13 DEBUG 7016 --- [http-nio-8081-exec-2] o.s.web.servlet.DispatcherServlet        : Exiting from "ERROR" dispatch, status 404
2020-01-12 22:23:16 DEBUG 148 --- [restartedMain] o.s.web.context.ContextLoader            : Published root WebApplicationContext as ServletContext attribute with name [org.springframework.web.context.WebApplicationContext.ROOT]
2020-01-12 22:23:16  INFO 148 --- [restartedMain] o.s.web.context.ContextLoader            : Root WebApplicationContext: initialization completed in 2230 ms
2020-01-12 22:23:16 DEBUG 148 --- [restartedMain] o.s.b.w.s.ServletContextInitializerBeans : Mapping filters: filterRegistrationBean urls=[/*] order=-2147483647, springSecurityFilterChain urls=[/*] order=-100, xssFilter urls=[/api/*] order=2147483647, characterEncodingFilter urls=[/*] order=-2147483648, formContentFilter urls=[/*] order=-9900, requestContextFilter urls=[/*] order=-105, productionSecurityFilter urls=[/*] order=2147483647, securityBasicAuthFilter urls=[/*] order=2147483647
2020-01-12 22:23:16 DEBUG 148 --- [restartedMain] o.s.b.w.s.ServletContextInitializerBeans : Mapping servlets: dispatcherServlet urls=[/]
2020-01-12 22:23:17 DEBUG 148 --- [restartedMain] s.w.s.m.m.a.RequestMappingHandlerMapping : 11 mappings in 'requestMappingHandlerMapping'
2020-01-12 22:23:17  INFO 148 --- [restartedMain] o.s.b.a.e.web.EndpointLinksResolver      : Exposing 2 endpoint(s) beneath base path '/actuator'
2020-01-12 22:23:18 DEBUG 148 --- [restartedMain] s.w.s.m.m.a.RequestMappingHandlerAdapter : ControllerAdvice beans: 0 @ModelAttribute, 0 @InitBinder, 1 RequestBodyAdvice, 1 ResponseBodyAdvice
2020-01-12 22:23:18 DEBUG 148 --- [restartedMain] o.s.w.s.handler.SimpleUrlHandlerMapping  : Patterns [/webjars/**, /**] in 'resourceHandlerMapping'
2020-01-12 22:23:18 DEBUG 148 --- [restartedMain] .m.m.a.ExceptionHandlerExceptionResolver : ControllerAdvice beans: 2 @ExceptionHandler, 1 ResponseBodyAdvice
2020-01-12 22:23:18 DEBUG 148 --- [restartedMain] o.s.w.s.s.s.ServerEndpointExporter       : Registering @ServerEndpoint class: class com.wmc.config.websocket.WebSocketServer
2020-01-12 22:23:25  INFO 148 --- [http-nio-8081-exec-1] o.s.web.servlet.DispatcherServlet        : Initializing Servlet 'dispatcherServlet'
2020-01-12 22:23:25 DEBUG 148 --- [http-nio-8081-exec-1] o.s.web.servlet.DispatcherServlet        : Detected StandardServletMultipartResolver
2020-01-12 22:23:25 DEBUG 148 --- [http-nio-8081-exec-1] o.s.web.servlet.DispatcherServlet        : enableLoggingRequestDetails='false': request parameters and headers will be masked to prevent unsafe logging of potentially sensitive data
2020-01-12 22:23:25  INFO 148 --- [http-nio-8081-exec-1] o.s.web.servlet.DispatcherServlet        : Completed initialization in 12 ms
2020-01-12 22:23:26 DEBUG 148 --- [http-nio-8081-exec-1] o.s.web.servlet.DispatcherServlet        : GET "/page", parameters={}
2020-01-12 22:23:26 DEBUG 148 --- [http-nio-8081-exec-1] s.w.s.m.m.a.RequestMappingHandlerMapping : Mapped to com.wmc.config.websocket.WebSocketPage#page()
2020-01-12 22:23:26 DEBUG 148 --- [http-nio-8081-exec-1] o.s.w.s.v.ContentNegotiatingViewResolver : Selected 'text/html' given [text/html, application/xhtml+xml, image/webp, image/apng, application/xml;q=0.9, */*;q=0.8]
2020-01-12 22:23:26 DEBUG 148 --- [http-nio-8081-exec-1] o.s.w.servlet.view.InternalResourceView  : View name '/layui/index.html', model {}
2020-01-12 22:23:26 DEBUG 148 --- [http-nio-8081-exec-1] o.s.w.servlet.view.InternalResourceView  : Forwarding to [/layui/index.html]
2020-01-12 22:23:26 DEBUG 148 --- [http-nio-8081-exec-1] o.s.web.servlet.DispatcherServlet        : "FORWARD" dispatch for GET "/layui/index.html", parameters={}
2020-01-12 22:23:26 DEBUG 148 --- [http-nio-8081-exec-1] o.s.w.s.handler.SimpleUrlHandlerMapping  : Mapped to ResourceHttpRequestHandler ["classpath:/META-INF/resources/", "classpath:/resources/", "classpath:/static/", "classpath:/public/", "/"]
2020-01-12 22:23:26 DEBUG 148 --- [http-nio-8081-exec-1] o.s.w.s.r.ResourceHttpRequestHandler     : Resource not found
2020-01-12 22:23:26 DEBUG 148 --- [http-nio-8081-exec-1] o.s.web.servlet.DispatcherServlet        : Exiting from "FORWARD" dispatch, status 404
2020-01-12 22:23:26 DEBUG 148 --- [http-nio-8081-exec-1] o.s.web.servlet.DispatcherServlet        : Completed 404 NOT_FOUND
2020-01-12 22:23:26 DEBUG 148 --- [http-nio-8081-exec-1] o.s.web.servlet.DispatcherServlet        : "ERROR" dispatch for GET "/error", parameters={}
2020-01-12 22:23:26 DEBUG 148 --- [http-nio-8081-exec-1] s.w.s.m.m.a.RequestMappingHandlerMapping : Mapped to org.springframework.boot.autoconfigure.web.servlet.error.BasicErrorController#errorHtml(HttpServletRequest, HttpServletResponse)
2020-01-12 22:23:26 DEBUG 148 --- [http-nio-8081-exec-1] o.s.w.s.v.ContentNegotiatingViewResolver : Selected 'text/html' given [text/html, text/html;q=0.8]
2020-01-12 22:23:26 DEBUG 148 --- [http-nio-8081-exec-1] o.s.web.servlet.DispatcherServlet        : Exiting from "ERROR" dispatch, status 404
2020-01-12 22:32:08 DEBUG 14536 --- [restartedMain] o.s.web.context.ContextLoader            : Published root WebApplicationContext as ServletContext attribute with name [org.springframework.web.context.WebApplicationContext.ROOT]
2020-01-12 22:32:08  INFO 14536 --- [restartedMain] o.s.web.context.ContextLoader            : Root WebApplicationContext: initialization completed in 1794 ms
2020-01-12 22:32:08 DEBUG 14536 --- [restartedMain] o.s.b.w.s.ServletContextInitializerBeans : Mapping filters: filterRegistrationBean urls=[/*] order=-2147483647, springSecurityFilterChain urls=[/*] order=-100, xssFilter urls=[/api/*] order=2147483647, characterEncodingFilter urls=[/*] order=-2147483648, formContentFilter urls=[/*] order=-9900, requestContextFilter urls=[/*] order=-105, productionSecurityFilter urls=[/*] order=2147483647, securityBasicAuthFilter urls=[/*] order=2147483647
2020-01-12 22:32:08 DEBUG 14536 --- [restartedMain] o.s.b.w.s.ServletContextInitializerBeans : Mapping servlets: dispatcherServlet urls=[/]
2020-01-12 22:32:09 DEBUG 14536 --- [restartedMain] s.w.s.m.m.a.RequestMappingHandlerMapping : 11 mappings in 'requestMappingHandlerMapping'
2020-01-12 22:32:09  INFO 14536 --- [restartedMain] o.s.b.a.e.web.EndpointLinksResolver      : Exposing 2 endpoint(s) beneath base path '/actuator'
2020-01-12 22:32:09  WARN 14536 --- [restartedMain] ConfigServletWebServerApplicationContext : Exception encountered during context initialization - cancelling refresh attempt: org.springframework.beans.factory.BeanCreationException: Error creating bean with name 'apiWithGlobalToken' defined in class path resource [com/wmc/config/swagger2/Swagger2Config.class]: Bean instantiation via factory method failed; nested exception is org.springframework.beans.BeanInstantiationException: Failed to instantiate [springfox.documentation.spring.web.plugins.Docket]: Factory method 'apiWithGlobalToken' threw exception; nested exception is java.lang.NullPointerException
2020-01-12 22:32:09 ERROR 14536 --- [restartedMain] o.s.boot.SpringApplication               : Application run failed

org.springframework.beans.factory.BeanCreationException: Error creating bean with name 'apiWithGlobalToken' defined in class path resource [com/wmc/config/swagger2/Swagger2Config.class]: Bean instantiation via factory method failed; nested exception is org.springframework.beans.BeanInstantiationException: Failed to instantiate [springfox.documentation.spring.web.plugins.Docket]: Factory method 'apiWithGlobalToken' threw exception; nested exception is java.lang.NullPointerException
	at org.springframework.beans.factory.support.ConstructorResolver.instantiate(ConstructorResolver.java:645) ~[spring-beans-5.2.1.RELEASE.jar:5.2.1.RELEASE]
	at org.springframework.beans.factory.support.ConstructorResolver.instantiateUsingFactoryMethod(ConstructorResolver.java:475) ~[spring-beans-5.2.1.RELEASE.jar:5.2.1.RELEASE]
	at org.springframework.beans.factory.support.AbstractAutowireCapableBeanFactory.instantiateUsingFactoryMethod(AbstractAutowireCapableBeanFactory.java:1338) ~[spring-beans-5.2.1.RELEASE.jar:5.2.1.RELEASE]
	at org.springframework.beans.factory.support.AbstractAutowireCapableBeanFactory.createBeanInstance(AbstractAutowireCapableBeanFactory.java:1177) ~[spring-beans-5.2.1.RELEASE.jar:5.2.1.RELEASE]
	at org.springframework.beans.factory.support.AbstractAutowireCapableBeanFactory.doCreateBean(AbstractAutowireCapableBeanFactory.java:557) ~[spring-beans-5.2.1.RELEASE.jar:5.2.1.RELEASE]
	at org.springframework.beans.factory.support.AbstractAutowireCapableBeanFactory.createBean(AbstractAutowireCapableBeanFactory.java:517) ~[spring-beans-5.2.1.RELEASE.jar:5.2.1.RELEASE]
	at org.springframework.beans.factory.support.AbstractBeanFactory.lambda$doGetBean$0(AbstractBeanFactory.java:323) ~[spring-beans-5.2.1.RELEASE.jar:5.2.1.RELEASE]
	at org.springframework.beans.factory.support.AbstractBeanFactory$$Lambda$178/1952879314.getObject(Unknown Source) ~[na:na]
	at org.springframework.beans.factory.support.DefaultSingletonBeanRegistry.getSingleton(DefaultSingletonBeanRegistry.java:222) ~[spring-beans-5.2.1.RELEASE.jar:5.2.1.RELEASE]
	at org.springframework.beans.factory.support.AbstractBeanFactory.doGetBean(AbstractBeanFactory.java:321) ~[spring-beans-5.2.1.RELEASE.jar:5.2.1.RELEASE]
	at org.springframework.beans.factory.support.AbstractBeanFactory.getBean(AbstractBeanFactory.java:202) ~[spring-beans-5.2.1.RELEASE.jar:5.2.1.RELEASE]
	at org.springframework.beans.factory.support.DefaultListableBeanFactory.preInstantiateSingletons(DefaultListableBeanFactory.java:879) ~[spring-beans-5.2.1.RELEASE.jar:5.2.1.RELEASE]
	at org.springframework.context.support.AbstractApplicationContext.finishBeanFactoryInitialization(AbstractApplicationContext.java:878) ~[spring-context-5.2.1.RELEASE.jar:5.2.1.RELEASE]
	at org.springframework.context.support.AbstractApplicationContext.refresh(AbstractApplicationContext.java:550) ~[spring-context-5.2.1.RELEASE.jar:5.2.1.RELEASE]
	at org.springframework.boot.web.servlet.context.ServletWebServerApplicationContext.refresh(ServletWebServerApplicationContext.java:141) ~[spring-boot-2.2.1.RELEASE.jar:2.2.1.RELEASE]
	at org.springframework.boot.SpringApplication.refresh(SpringApplication.java:747) [spring-boot-2.2.1.RELEASE.jar:2.2.1.RELEASE]
	at org.springframework.boot.SpringApplication.refreshContext(SpringApplication.java:397) [spring-boot-2.2.1.RELEASE.jar:2.2.1.RELEASE]
	at org.springframework.boot.SpringApplication.run(SpringApplication.java:315) [spring-boot-2.2.1.RELEASE.jar:2.2.1.RELEASE]
	at org.springframework.boot.SpringApplication.run(SpringApplication.java:1226) [spring-boot-2.2.1.RELEASE.jar:2.2.1.RELEASE]
	at org.springframework.boot.SpringApplication.run(SpringApplication.java:1215) [spring-boot-2.2.1.RELEASE.jar:2.2.1.RELEASE]
	at com.wmc.App.main(App.java:24) [classes/:na]
	at sun.reflect.NativeMethodAccessorImpl.invoke0(Native Method) ~[na:1.8.0_20]
	at sun.reflect.NativeMethodAccessorImpl.invoke(Unknown Source) ~[na:1.8.0_20]
	at sun.reflect.DelegatingMethodAccessorImpl.invoke(Unknown Source) ~[na:1.8.0_20]
	at java.lang.reflect.Method.invoke(Unknown Source) ~[na:1.8.0_20]
	at org.springframework.boot.devtools.restart.RestartLauncher.run(RestartLauncher.java:49) [spring-boot-devtools-2.2.1.RELEASE.jar:2.2.1.RELEASE]
Caused by: org.springframework.beans.BeanInstantiationException: Failed to instantiate [springfox.documentation.spring.web.plugins.Docket]: Factory method 'apiWithGlobalToken' threw exception; nested exception is java.lang.NullPointerException
	at org.springframework.beans.factory.support.SimpleInstantiationStrategy.instantiate(SimpleInstantiationStrategy.java:185) ~[spring-beans-5.2.1.RELEASE.jar:5.2.1.RELEASE]
	at org.springframework.beans.factory.support.ConstructorResolver.instantiate(ConstructorResolver.java:640) ~[spring-beans-5.2.1.RELEASE.jar:5.2.1.RELEASE]
	... 25 common frames omitted
Caused by: java.lang.NullPointerException: null
	at com.wmc.config.swagger2.Swagger2Config.apiWithGlobalToken(Swagger2Config.java:55) ~[classes/:na]
	at com.wmc.config.swagger2.Swagger2Config$$EnhancerBySpringCGLIB$$ba10c896.CGLIB$apiWithGlobalToken$0(<generated>) ~[classes/:na]
	at com.wmc.config.swagger2.Swagger2Config$$EnhancerBySpringCGLIB$$ba10c896$$FastClassBySpringCGLIB$$e91d6957.invoke(<generated>) ~[classes/:na]
	at org.springframework.cglib.proxy.MethodProxy.invokeSuper(MethodProxy.java:244) ~[spring-core-5.2.1.RELEASE.jar:5.2.1.RELEASE]
	at org.springframework.context.annotation.ConfigurationClassEnhancer$BeanMethodInterceptor.intercept(ConfigurationClassEnhancer.java:363) ~[spring-context-5.2.1.RELEASE.jar:5.2.1.RELEASE]
	at com.wmc.config.swagger2.Swagger2Config$$EnhancerBySpringCGLIB$$ba10c896.apiWithGlobalToken(<generated>) ~[classes/:na]
	at sun.reflect.NativeMethodAccessorImpl.invoke0(Native Method) ~[na:1.8.0_20]
	at sun.reflect.NativeMethodAccessorImpl.invoke(Unknown Source) ~[na:1.8.0_20]
	at sun.reflect.DelegatingMethodAccessorImpl.invoke(Unknown Source) ~[na:1.8.0_20]
	at java.lang.reflect.Method.invoke(Unknown Source) ~[na:1.8.0_20]
	at org.springframework.beans.factory.support.SimpleInstantiationStrategy.instantiate(SimpleInstantiationStrategy.java:154) ~[spring-beans-5.2.1.RELEASE.jar:5.2.1.RELEASE]
	... 26 common frames omitted

2020-01-12 22:33:05 DEBUG 18024 --- [restartedMain] o.s.web.context.ContextLoader            : Published root WebApplicationContext as ServletContext attribute with name [org.springframework.web.context.WebApplicationContext.ROOT]
2020-01-12 22:33:05  INFO 18024 --- [restartedMain] o.s.web.context.ContextLoader            : Root WebApplicationContext: initialization completed in 1850 ms
2020-01-12 22:33:06 DEBUG 18024 --- [restartedMain] o.s.b.w.s.ServletContextInitializerBeans : Mapping filters: filterRegistrationBean urls=[/*] order=-2147483647, springSecurityFilterChain urls=[/*] order=-100, xssFilter urls=[/api/*] order=2147483647, characterEncodingFilter urls=[/*] order=-2147483648, formContentFilter urls=[/*] order=-9900, requestContextFilter urls=[/*] order=-105, productionSecurityFilter urls=[/*] order=2147483647, securityBasicAuthFilter urls=[/*] order=2147483647
2020-01-12 22:33:06 DEBUG 18024 --- [restartedMain] o.s.b.w.s.ServletContextInitializerBeans : Mapping servlets: dispatcherServlet urls=[/]
2020-01-12 22:33:07 DEBUG 18024 --- [restartedMain] s.w.s.m.m.a.RequestMappingHandlerMapping : 11 mappings in 'requestMappingHandlerMapping'
2020-01-12 22:33:07  INFO 18024 --- [restartedMain] o.s.b.a.e.web.EndpointLinksResolver      : Exposing 2 endpoint(s) beneath base path '/actuator'
2020-01-12 22:33:07 DEBUG 18024 --- [restartedMain] s.w.s.m.m.a.RequestMappingHandlerAdapter : ControllerAdvice beans: 0 @ModelAttribute, 0 @InitBinder, 1 RequestBodyAdvice, 1 ResponseBodyAdvice
2020-01-12 22:33:07 DEBUG 18024 --- [restartedMain] o.s.w.s.handler.SimpleUrlHandlerMapping  : Patterns [/webjars/**, /**] in 'resourceHandlerMapping'
2020-01-12 22:33:07 DEBUG 18024 --- [restartedMain] .m.m.a.ExceptionHandlerExceptionResolver : ControllerAdvice beans: 2 @ExceptionHandler, 1 ResponseBodyAdvice
2020-01-12 22:33:08 DEBUG 18024 --- [restartedMain] o.s.w.s.s.s.ServerEndpointExporter       : Registering @ServerEndpoint class: class com.wmc.config.websocket.WebSocketServer
2020-01-12 22:33:13  INFO 18024 --- [http-nio-8081-exec-1] o.s.web.servlet.DispatcherServlet        : Initializing Servlet 'dispatcherServlet'
2020-01-12 22:33:13 DEBUG 18024 --- [http-nio-8081-exec-1] o.s.web.servlet.DispatcherServlet        : Detected StandardServletMultipartResolver
2020-01-12 22:33:13 DEBUG 18024 --- [http-nio-8081-exec-1] o.s.web.servlet.DispatcherServlet        : enableLoggingRequestDetails='false': request parameters and headers will be masked to prevent unsafe logging of potentially sensitive data
2020-01-12 22:33:13  INFO 18024 --- [http-nio-8081-exec-1] o.s.web.servlet.DispatcherServlet        : Completed initialization in 11 ms
2020-01-12 22:33:13 DEBUG 18024 --- [http-nio-8081-exec-1] o.s.web.servlet.DispatcherServlet        : GET "/page", parameters={}
2020-01-12 22:33:13 DEBUG 18024 --- [http-nio-8081-exec-1] s.w.s.m.m.a.RequestMappingHandlerMapping : Mapped to com.wmc.config.websocket.WebSocketPage#page()
2020-01-12 22:33:13 DEBUG 18024 --- [http-nio-8081-exec-1] o.s.w.s.v.ContentNegotiatingViewResolver : Selected 'text/html' given [text/html, application/xhtml+xml, image/webp, image/apng, application/xml;q=0.9, */*;q=0.8]
2020-01-12 22:33:13 DEBUG 18024 --- [http-nio-8081-exec-1] o.s.w.servlet.view.InternalResourceView  : View name '/layui/index', model {}
2020-01-12 22:33:13 DEBUG 18024 --- [http-nio-8081-exec-1] o.s.w.servlet.view.InternalResourceView  : Forwarding to [/layui/index]
2020-01-12 22:33:13 DEBUG 18024 --- [http-nio-8081-exec-1] o.s.web.servlet.DispatcherServlet        : "FORWARD" dispatch for GET "/layui/index", parameters={}
2020-01-12 22:33:13 DEBUG 18024 --- [http-nio-8081-exec-1] o.s.w.s.handler.SimpleUrlHandlerMapping  : Mapped to ResourceHttpRequestHandler ["classpath:/META-INF/resources/", "classpath:/resources/", "classpath:/static/", "classpath:/public/", "/"]
2020-01-12 22:33:13 DEBUG 18024 --- [http-nio-8081-exec-1] o.s.w.s.r.ResourceHttpRequestHandler     : Resource not found
2020-01-12 22:33:13 DEBUG 18024 --- [http-nio-8081-exec-1] o.s.web.servlet.DispatcherServlet        : Exiting from "FORWARD" dispatch, status 404
2020-01-12 22:33:13 DEBUG 18024 --- [http-nio-8081-exec-1] o.s.web.servlet.DispatcherServlet        : Completed 404 NOT_FOUND
2020-01-12 22:33:13 DEBUG 18024 --- [http-nio-8081-exec-1] o.s.web.servlet.DispatcherServlet        : "ERROR" dispatch for GET "/error", parameters={}
2020-01-12 22:33:13 DEBUG 18024 --- [http-nio-8081-exec-1] s.w.s.m.m.a.RequestMappingHandlerMapping : Mapped to org.springframework.boot.autoconfigure.web.servlet.error.BasicErrorController#errorHtml(HttpServletRequest, HttpServletResponse)
2020-01-12 22:33:13 DEBUG 18024 --- [http-nio-8081-exec-1] o.s.w.s.v.ContentNegotiatingViewResolver : Selected 'text/html' given [text/html, text/html;q=0.8]
2020-01-12 22:33:13 DEBUG 18024 --- [http-nio-8081-exec-1] o.s.web.servlet.DispatcherServlet        : Exiting from "ERROR" dispatch, status 404
2020-01-12 22:33:59 DEBUG 20128 --- [restartedMain] o.s.web.context.ContextLoader            : Published root WebApplicationContext as ServletContext attribute with name [org.springframework.web.context.WebApplicationContext.ROOT]
2020-01-12 22:33:59  INFO 20128 --- [restartedMain] o.s.web.context.ContextLoader            : Root WebApplicationContext: initialization completed in 1850 ms
2020-01-12 22:33:59 DEBUG 20128 --- [restartedMain] o.s.b.w.s.ServletContextInitializerBeans : Mapping filters: filterRegistrationBean urls=[/*] order=-2147483647, springSecurityFilterChain urls=[/*] order=-100, xssFilter urls=[/api/*] order=2147483647, characterEncodingFilter urls=[/*] order=-2147483648, formContentFilter urls=[/*] order=-9900, requestContextFilter urls=[/*] order=-105, productionSecurityFilter urls=[/*] order=2147483647, securityBasicAuthFilter urls=[/*] order=2147483647
2020-01-12 22:33:59 DEBUG 20128 --- [restartedMain] o.s.b.w.s.ServletContextInitializerBeans : Mapping servlets: dispatcherServlet urls=[/]
2020-01-12 22:34:00 DEBUG 20128 --- [restartedMain] s.w.s.m.m.a.RequestMappingHandlerMapping : 11 mappings in 'requestMappingHandlerMapping'
2020-01-12 22:34:00  INFO 20128 --- [restartedMain] o.s.b.a.e.web.EndpointLinksResolver      : Exposing 2 endpoint(s) beneath base path '/actuator'
2020-01-12 22:34:01 DEBUG 20128 --- [restartedMain] s.w.s.m.m.a.RequestMappingHandlerAdapter : ControllerAdvice beans: 0 @ModelAttribute, 0 @InitBinder, 1 RequestBodyAdvice, 1 ResponseBodyAdvice
2020-01-12 22:34:01 DEBUG 20128 --- [restartedMain] o.s.w.s.handler.SimpleUrlHandlerMapping  : Patterns [/webjars/**, /**] in 'resourceHandlerMapping'
2020-01-12 22:34:01 DEBUG 20128 --- [restartedMain] .m.m.a.ExceptionHandlerExceptionResolver : ControllerAdvice beans: 2 @ExceptionHandler, 1 ResponseBodyAdvice
2020-01-12 22:34:01 DEBUG 20128 --- [restartedMain] o.s.w.s.s.s.ServerEndpointExporter       : Registering @ServerEndpoint class: class com.wmc.config.websocket.WebSocketServer
2020-01-12 22:34:08  INFO 20128 --- [http-nio-8081-exec-1] o.s.web.servlet.DispatcherServlet        : Initializing Servlet 'dispatcherServlet'
2020-01-12 22:34:08 DEBUG 20128 --- [http-nio-8081-exec-1] o.s.web.servlet.DispatcherServlet        : Detected StandardServletMultipartResolver
2020-01-12 22:34:08 DEBUG 20128 --- [http-nio-8081-exec-1] o.s.web.servlet.DispatcherServlet        : enableLoggingRequestDetails='false': request parameters and headers will be masked to prevent unsafe logging of potentially sensitive data
2020-01-12 22:34:08  INFO 20128 --- [http-nio-8081-exec-1] o.s.web.servlet.DispatcherServlet        : Completed initialization in 11 ms
2020-01-12 22:34:08 DEBUG 20128 --- [http-nio-8081-exec-1] o.s.web.servlet.DispatcherServlet        : GET "/page", parameters={}
2020-01-12 22:34:08 DEBUG 20128 --- [http-nio-8081-exec-1] s.w.s.m.m.a.RequestMappingHandlerMapping : Mapped to com.wmc.config.websocket.WebSocketPage#page()
2020-01-12 22:34:08 DEBUG 20128 --- [http-nio-8081-exec-1] o.s.w.s.v.ContentNegotiatingViewResolver : Selected 'text/html' given [text/html, application/xhtml+xml, image/webp, image/apng, application/xml;q=0.9, */*;q=0.8]
2020-01-12 22:34:08 DEBUG 20128 --- [http-nio-8081-exec-1] o.s.w.servlet.view.InternalResourceView  : View name '/layui/index.html', model {}
2020-01-12 22:34:08 DEBUG 20128 --- [http-nio-8081-exec-1] o.s.w.servlet.view.InternalResourceView  : Forwarding to [/layui/index.html]
2020-01-12 22:34:08 DEBUG 20128 --- [http-nio-8081-exec-1] o.s.web.servlet.DispatcherServlet        : "FORWARD" dispatch for GET "/layui/index.html", parameters={}
2020-01-12 22:34:08 DEBUG 20128 --- [http-nio-8081-exec-1] o.s.w.s.handler.SimpleUrlHandlerMapping  : Mapped to ResourceHttpRequestHandler ["classpath:/META-INF/resources/", "classpath:/resources/", "classpath:/static/", "classpath:/public/", "/"]
2020-01-12 22:34:08 DEBUG 20128 --- [http-nio-8081-exec-1] o.s.w.s.r.ResourceHttpRequestHandler     : Resource not found
2020-01-12 22:34:08 DEBUG 20128 --- [http-nio-8081-exec-1] o.s.web.servlet.DispatcherServlet        : Exiting from "FORWARD" dispatch, status 404
2020-01-12 22:34:08 DEBUG 20128 --- [http-nio-8081-exec-1] o.s.web.servlet.DispatcherServlet        : Completed 404 NOT_FOUND
2020-01-12 22:34:08 DEBUG 20128 --- [http-nio-8081-exec-1] o.s.web.servlet.DispatcherServlet        : "ERROR" dispatch for GET "/error", parameters={}
2020-01-12 22:34:08 DEBUG 20128 --- [http-nio-8081-exec-1] s.w.s.m.m.a.RequestMappingHandlerMapping : Mapped to org.springframework.boot.autoconfigure.web.servlet.error.BasicErrorController#errorHtml(HttpServletRequest, HttpServletResponse)
2020-01-12 22:34:08 DEBUG 20128 --- [http-nio-8081-exec-1] o.s.w.s.v.ContentNegotiatingViewResolver : Selected 'text/html' given [text/html, text/html;q=0.8]
2020-01-12 22:34:08 DEBUG 20128 --- [http-nio-8081-exec-1] o.s.web.servlet.DispatcherServlet        : Exiting from "ERROR" dispatch, status 404
2020-01-12 22:40:12 DEBUG 15492 --- [restartedMain] o.s.web.context.ContextLoader            : Published root WebApplicationContext as ServletContext attribute with name [org.springframework.web.context.WebApplicationContext.ROOT]
2020-01-12 22:40:12  INFO 15492 --- [restartedMain] o.s.web.context.ContextLoader            : Root WebApplicationContext: initialization completed in 2199 ms
2020-01-12 22:40:12 DEBUG 15492 --- [restartedMain] o.s.b.w.s.ServletContextInitializerBeans : Mapping filters: filterRegistrationBean urls=[/*] order=-2147483647, springSecurityFilterChain urls=[/*] order=-100, xssFilter urls=[/api/*] order=2147483647, characterEncodingFilter urls=[/*] order=-2147483648, formContentFilter urls=[/*] order=-9900, requestContextFilter urls=[/*] order=-105, productionSecurityFilter urls=[/*] order=2147483647, securityBasicAuthFilter urls=[/*] order=2147483647
2020-01-12 22:40:12 DEBUG 15492 --- [restartedMain] o.s.b.w.s.ServletContextInitializerBeans : Mapping servlets: dispatcherServlet urls=[/]
2020-01-12 22:40:13 DEBUG 15492 --- [restartedMain] s.w.s.m.m.a.RequestMappingHandlerMapping : 11 mappings in 'requestMappingHandlerMapping'
2020-01-12 22:40:13  INFO 15492 --- [restartedMain] o.s.b.a.e.web.EndpointLinksResolver      : Exposing 2 endpoint(s) beneath base path '/actuator'
2020-01-12 22:40:14 DEBUG 15492 --- [restartedMain] s.w.s.m.m.a.RequestMappingHandlerAdapter : ControllerAdvice beans: 0 @ModelAttribute, 0 @InitBinder, 1 RequestBodyAdvice, 1 ResponseBodyAdvice
2020-01-12 22:40:14 DEBUG 15492 --- [restartedMain] o.s.w.s.handler.SimpleUrlHandlerMapping  : Patterns [/webjars/**, /**] in 'resourceHandlerMapping'
2020-01-12 22:40:14 DEBUG 15492 --- [restartedMain] .m.m.a.ExceptionHandlerExceptionResolver : ControllerAdvice beans: 2 @ExceptionHandler, 1 ResponseBodyAdvice
2020-01-12 22:40:14 DEBUG 15492 --- [restartedMain] o.s.w.s.s.s.ServerEndpointExporter       : Registering @ServerEndpoint class: class com.wmc.config.websocket.WebSocketServer
2020-01-12 22:41:33  INFO 15492 --- [http-nio-8081-exec-1] o.s.web.servlet.DispatcherServlet        : Initializing Servlet 'dispatcherServlet'
2020-01-12 22:41:33 DEBUG 15492 --- [http-nio-8081-exec-1] o.s.web.servlet.DispatcherServlet        : Detected StandardServletMultipartResolver
2020-01-12 22:41:33 DEBUG 15492 --- [http-nio-8081-exec-1] o.s.web.servlet.DispatcherServlet        : enableLoggingRequestDetails='false': request parameters and headers will be masked to prevent unsafe logging of potentially sensitive data
2020-01-12 22:41:33  INFO 15492 --- [http-nio-8081-exec-1] o.s.web.servlet.DispatcherServlet        : Completed initialization in 12 ms
2020-01-12 22:41:33 DEBUG 15492 --- [http-nio-8081-exec-1] o.s.web.servlet.DispatcherServlet        : GET "/page", parameters={}
2020-01-12 22:41:33 DEBUG 15492 --- [http-nio-8081-exec-1] s.w.s.m.m.a.RequestMappingHandlerMapping : Mapped to com.wmc.config.websocket.WebSocketPage#page()
2020-01-12 22:41:33 DEBUG 15492 --- [http-nio-8081-exec-1] o.s.w.s.v.ContentNegotiatingViewResolver : Selected 'text/html' given [text/html, application/xhtml+xml, image/webp, image/apng, application/xml;q=0.9, */*;q=0.8]
2020-01-12 22:41:33 DEBUG 15492 --- [http-nio-8081-exec-1] o.s.w.servlet.view.InternalResourceView  : View name '/index.html', model {}
2020-01-12 22:41:33 DEBUG 15492 --- [http-nio-8081-exec-1] o.s.w.servlet.view.InternalResourceView  : Forwarding to [/index.html]
2020-01-12 22:41:33 DEBUG 15492 --- [http-nio-8081-exec-1] o.s.web.servlet.DispatcherServlet        : "FORWARD" dispatch for GET "/index.html", parameters={}
2020-01-12 22:41:33 DEBUG 15492 --- [http-nio-8081-exec-1] o.s.w.s.handler.SimpleUrlHandlerMapping  : Mapped to ResourceHttpRequestHandler ["classpath:/META-INF/resources/", "classpath:/resources/", "classpath:/static/", "classpath:/public/", "/"]
2020-01-12 22:41:33 DEBUG 15492 --- [http-nio-8081-exec-1] o.s.web.servlet.DispatcherServlet        : Exiting from "FORWARD" dispatch, status 200
2020-01-12 22:41:33 DEBUG 15492 --- [http-nio-8081-exec-1] o.s.web.servlet.DispatcherServlet        : Completed 200 OK
2020-01-12 22:41:33 DEBUG 15492 --- [http-nio-8081-exec-2] o.s.web.servlet.DispatcherServlet        : GET "/css/layui.css", parameters={}
2020-01-12 22:41:33 DEBUG 15492 --- [http-nio-8081-exec-4] o.s.web.servlet.DispatcherServlet        : GET "/index.js", parameters={}
2020-01-12 22:41:33 DEBUG 15492 --- [http-nio-8081-exec-3] o.s.web.servlet.DispatcherServlet        : GET "/layui/core/layui.js", parameters={}
2020-01-12 22:41:33 DEBUG 15492 --- [http-nio-8081-exec-4] o.s.w.s.handler.SimpleUrlHandlerMapping  : Mapped to ResourceHttpRequestHandler ["classpath:/META-INF/resources/", "classpath:/resources/", "classpath:/static/", "classpath:/public/", "/"]
2020-01-12 22:41:33 DEBUG 15492 --- [http-nio-8081-exec-2] o.s.w.s.handler.SimpleUrlHandlerMapping  : Mapped to ResourceHttpRequestHandler ["classpath:/META-INF/resources/", "classpath:/resources/", "classpath:/static/", "classpath:/public/", "/"]
2020-01-12 22:41:33 DEBUG 15492 --- [http-nio-8081-exec-3] o.s.w.s.handler.SimpleUrlHandlerMapping  : Mapped to ResourceHttpRequestHandler ["classpath:/META-INF/resources/", "classpath:/resources/", "classpath:/static/", "classpath:/public/", "/"]
2020-01-12 22:41:33 DEBUG 15492 --- [http-nio-8081-exec-2] o.s.w.s.r.ResourceHttpRequestHandler     : Resource not found
2020-01-12 22:41:33 DEBUG 15492 --- [http-nio-8081-exec-2] o.s.web.servlet.DispatcherServlet        : Completed 404 NOT_FOUND
2020-01-12 22:41:33 DEBUG 15492 --- [http-nio-8081-exec-2] o.s.web.servlet.DispatcherServlet        : "ERROR" dispatch for GET "/error", parameters={}
2020-01-12 22:41:33 DEBUG 15492 --- [http-nio-8081-exec-2] s.w.s.m.m.a.RequestMappingHandlerMapping : Mapped to org.springframework.boot.autoconfigure.web.servlet.error.BasicErrorController#error(HttpServletRequest)
2020-01-12 22:41:33 DEBUG 15492 --- [http-nio-8081-exec-3] o.s.web.servlet.DispatcherServlet        : Completed 200 OK
2020-01-12 22:41:33 DEBUG 15492 --- [http-nio-8081-exec-4] o.s.web.servlet.DispatcherServlet        : Completed 200 OK
2020-01-12 22:41:33 DEBUG 15492 --- [http-nio-8081-exec-2] o.s.w.s.m.m.a.HttpEntityMethodProcessor  : Using 'application/json;q=0.1', given [text/css, */*;q=0.1] and supported [application/json, application/json, application/*+json]
2020-01-12 22:41:33 DEBUG 15492 --- [http-nio-8081-exec-2] o.s.w.s.m.m.a.HttpEntityMethodProcessor  : Writing [{timestamp=Sun Jan 12 22:41:33 CST 2020, status=404, error=Not Found, message=No message available,  (truncated)...]
2020-01-12 22:41:33 DEBUG 15492 --- [http-nio-8081-exec-2] o.s.web.servlet.DispatcherServlet        : Exiting from "ERROR" dispatch, status 404
2020-01-12 22:41:33 DEBUG 15492 --- [http-nio-8081-exec-5] o.s.web.servlet.DispatcherServlet        : GET "/layui/core/lay/modules/laydate.js?v=1578698027194", parameters={masked}
2020-01-12 22:41:33 DEBUG 15492 --- [http-nio-8081-exec-5] o.s.w.s.handler.SimpleUrlHandlerMapping  : Mapped to ResourceHttpRequestHandler ["classpath:/META-INF/resources/", "classpath:/resources/", "classpath:/static/", "classpath:/public/", "/"]
2020-01-12 22:41:33 DEBUG 15492 --- [http-nio-8081-exec-5] o.s.web.servlet.DispatcherServlet        : Completed 200 OK
2020-01-12 22:41:33 DEBUG 15492 --- [http-nio-8081-exec-6] o.s.web.servlet.DispatcherServlet        : GET "/layui/core/css/modules/laydate/default/laydate.css?v=5.0.9", parameters={masked}
2020-01-12 22:41:33 DEBUG 15492 --- [http-nio-8081-exec-7] o.s.web.servlet.DispatcherServlet        : GET "/layui/core/lay/modules/laypage.js?v=1578698027194", parameters={masked}
2020-01-12 22:41:33 DEBUG 15492 --- [http-nio-8081-exec-6] o.s.w.s.handler.SimpleUrlHandlerMapping  : Mapped to ResourceHttpRequestHandler ["classpath:/META-INF/resources/", "classpath:/resources/", "classpath:/static/", "classpath:/public/", "/"]
2020-01-12 22:41:33 DEBUG 15492 --- [http-nio-8081-exec-7] o.s.w.s.handler.SimpleUrlHandlerMapping  : Mapped to ResourceHttpRequestHandler ["classpath:/META-INF/resources/", "classpath:/resources/", "classpath:/static/", "classpath:/public/", "/"]
2020-01-12 22:41:33 DEBUG 15492 --- [http-nio-8081-exec-7] o.s.web.servlet.DispatcherServlet        : Completed 200 OK
2020-01-12 22:41:33 DEBUG 15492 --- [http-nio-8081-exec-6] o.s.web.servlet.DispatcherServlet        : Completed 200 OK
2020-01-12 22:41:33 DEBUG 15492 --- [http-nio-8081-exec-8] o.s.web.servlet.DispatcherServlet        : GET "/layui/core/lay/modules/layer.js?v=1578698027194", parameters={masked}
2020-01-12 22:41:33 DEBUG 15492 --- [http-nio-8081-exec-8] o.s.w.s.handler.SimpleUrlHandlerMapping  : Mapped to ResourceHttpRequestHandler ["classpath:/META-INF/resources/", "classpath:/resources/", "classpath:/static/", "classpath:/public/", "/"]
2020-01-12 22:41:33 DEBUG 15492 --- [http-nio-8081-exec-8] o.s.web.servlet.DispatcherServlet        : Completed 200 OK
2020-01-12 22:41:33 DEBUG 15492 --- [http-nio-8081-exec-9] o.s.web.servlet.DispatcherServlet        : GET "/layui/core/css/modules/layer/default/layer.css?v=3.1.1", parameters={masked}
2020-01-12 22:41:33 DEBUG 15492 --- [http-nio-8081-exec-10] o.s.web.servlet.DispatcherServlet        : GET "/layui/core/lay/modules/jquery.js?v=1578698027194", parameters={masked}
2020-01-12 22:41:33 DEBUG 15492 --- [http-nio-8081-exec-10] o.s.w.s.handler.SimpleUrlHandlerMapping  : Mapped to ResourceHttpRequestHandler ["classpath:/META-INF/resources/", "classpath:/resources/", "classpath:/static/", "classpath:/public/", "/"]
2020-01-12 22:41:33 DEBUG 15492 --- [http-nio-8081-exec-9] o.s.w.s.handler.SimpleUrlHandlerMapping  : Mapped to ResourceHttpRequestHandler ["classpath:/META-INF/resources/", "classpath:/resources/", "classpath:/static/", "classpath:/public/", "/"]
2020-01-12 22:41:33 DEBUG 15492 --- [http-nio-8081-exec-9] o.s.web.servlet.DispatcherServlet        : Completed 200 OK
2020-01-12 22:41:33 DEBUG 15492 --- [http-nio-8081-exec-10] o.s.web.servlet.DispatcherServlet        : Completed 200 OK
2020-01-12 22:41:33 DEBUG 15492 --- [http-nio-8081-exec-1] o.s.web.servlet.DispatcherServlet        : GET "/layui/core/lay/modules/table.js?v=1578698027194", parameters={masked}
2020-01-12 22:41:33 DEBUG 15492 --- [http-nio-8081-exec-1] o.s.w.s.handler.SimpleUrlHandlerMapping  : Mapped to ResourceHttpRequestHandler ["classpath:/META-INF/resources/", "classpath:/resources/", "classpath:/static/", "classpath:/public/", "/"]
2020-01-12 22:41:33 DEBUG 15492 --- [http-nio-8081-exec-1] o.s.web.servlet.DispatcherServlet        : Completed 200 OK
2020-01-12 22:41:33 DEBUG 15492 --- [http-nio-8081-exec-3] o.s.web.servlet.DispatcherServlet        : GET "/layui/core/lay/modules/laytpl.js?v=1578698027194", parameters={masked}
2020-01-12 22:41:33 DEBUG 15492 --- [http-nio-8081-exec-3] o.s.w.s.handler.SimpleUrlHandlerMapping  : Mapped to ResourceHttpRequestHandler ["classpath:/META-INF/resources/", "classpath:/resources/", "classpath:/static/", "classpath:/public/", "/"]
2020-01-12 22:41:33 DEBUG 15492 --- [http-nio-8081-exec-3] o.s.web.servlet.DispatcherServlet        : Completed 200 OK
2020-01-12 22:41:33 DEBUG 15492 --- [http-nio-8081-exec-4] o.s.web.servlet.DispatcherServlet        : GET "/layui/core/lay/modules/form.js?v=1578698027194", parameters={masked}
2020-01-12 22:41:33 DEBUG 15492 --- [http-nio-8081-exec-4] o.s.w.s.handler.SimpleUrlHandlerMapping  : Mapped to ResourceHttpRequestHandler ["classpath:/META-INF/resources/", "classpath:/resources/", "classpath:/static/", "classpath:/public/", "/"]
2020-01-12 22:41:33 DEBUG 15492 --- [http-nio-8081-exec-4] o.s.web.servlet.DispatcherServlet        : Completed 200 OK
2020-01-12 22:41:33 DEBUG 15492 --- [http-nio-8081-exec-2] o.s.web.servlet.DispatcherServlet        : GET "/layui/core/lay/modules/util.js?v=1578698027194", parameters={masked}
2020-01-12 22:41:33 DEBUG 15492 --- [http-nio-8081-exec-2] o.s.w.s.handler.SimpleUrlHandlerMapping  : Mapped to ResourceHttpRequestHandler ["classpath:/META-INF/resources/", "classpath:/resources/", "classpath:/static/", "classpath:/public/", "/"]
2020-01-12 22:41:33 DEBUG 15492 --- [http-nio-8081-exec-2] o.s.web.servlet.DispatcherServlet        : Completed 200 OK
2020-01-12 22:41:33 DEBUG 15492 --- [http-nio-8081-exec-5] o.s.web.servlet.DispatcherServlet        : GET "/layui/core/lay/modules/carousel.js?v=1578698027194", parameters={masked}
2020-01-12 22:41:33 DEBUG 15492 --- [http-nio-8081-exec-5] o.s.w.s.handler.SimpleUrlHandlerMapping  : Mapped to ResourceHttpRequestHandler ["classpath:/META-INF/resources/", "classpath:/resources/", "classpath:/static/", "classpath:/public/", "/"]
2020-01-12 22:41:33 DEBUG 15492 --- [http-nio-8081-exec-5] o.s.web.servlet.DispatcherServlet        : Completed 200 OK
2020-01-12 22:41:33 DEBUG 15492 --- [http-nio-8081-exec-6] o.s.web.servlet.DispatcherServlet        : GET "/layui/core/lay/modules/upload.js?v=1578698027194", parameters={masked}
2020-01-12 22:41:33 DEBUG 15492 --- [http-nio-8081-exec-6] o.s.w.s.handler.SimpleUrlHandlerMapping  : Mapped to ResourceHttpRequestHandler ["classpath:/META-INF/resources/", "classpath:/resources/", "classpath:/static/", "classpath:/public/", "/"]
2020-01-12 22:41:33 DEBUG 15492 --- [http-nio-8081-exec-6] o.s.web.servlet.DispatcherServlet        : Completed 200 OK
2020-01-12 22:41:33 DEBUG 15492 --- [http-nio-8081-exec-7] o.s.web.servlet.DispatcherServlet        : GET "/layui/core/lay/modules/element.js?v=1578698027194", parameters={masked}
2020-01-12 22:41:33 DEBUG 15492 --- [http-nio-8081-exec-7] o.s.w.s.handler.SimpleUrlHandlerMapping  : Mapped to ResourceHttpRequestHandler ["classpath:/META-INF/resources/", "classpath:/resources/", "classpath:/static/", "classpath:/public/", "/"]
2020-01-12 22:41:33 DEBUG 15492 --- [http-nio-8081-exec-7] o.s.web.servlet.DispatcherServlet        : Completed 200 OK
2020-01-12 22:41:33 DEBUG 15492 --- [http-nio-8081-exec-8] o.s.web.servlet.DispatcherServlet        : GET "/layui/core/lay/modules/slider.js?v=1578698027194", parameters={masked}
2020-01-12 22:41:33 DEBUG 15492 --- [http-nio-8081-exec-8] o.s.w.s.handler.SimpleUrlHandlerMapping  : Mapped to ResourceHttpRequestHandler ["classpath:/META-INF/resources/", "classpath:/resources/", "classpath:/static/", "classpath:/public/", "/"]
2020-01-12 22:41:33 DEBUG 15492 --- [http-nio-8081-exec-8] o.s.web.servlet.DispatcherServlet        : Completed 200 OK
2020-01-12 22:41:39 DEBUG 15492 --- [http-nio-8081-exec-9] o.s.web.servlet.DispatcherServlet        : GET "/css/layui.css", parameters={}
2020-01-12 22:41:39 DEBUG 15492 --- [http-nio-8081-exec-10] o.s.web.servlet.DispatcherServlet        : GET "/layui/core/css/modules/laydate/default/laydate.css?v=5.0.9", parameters={masked}
2020-01-12 22:41:39 DEBUG 15492 --- [http-nio-8081-exec-1] o.s.web.servlet.DispatcherServlet        : GET "/layui/core/css/modules/layer/default/layer.css?v=3.1.1", parameters={masked}
2020-01-12 22:41:39 DEBUG 15492 --- [http-nio-8081-exec-9] o.s.w.s.handler.SimpleUrlHandlerMapping  : Mapped to ResourceHttpRequestHandler ["classpath:/META-INF/resources/", "classpath:/resources/", "classpath:/static/", "classpath:/public/", "/"]
2020-01-12 22:41:39 DEBUG 15492 --- [http-nio-8081-exec-10] o.s.w.s.handler.SimpleUrlHandlerMapping  : Mapped to ResourceHttpRequestHandler ["classpath:/META-INF/resources/", "classpath:/resources/", "classpath:/static/", "classpath:/public/", "/"]
2020-01-12 22:41:39 DEBUG 15492 --- [http-nio-8081-exec-1] o.s.w.s.handler.SimpleUrlHandlerMapping  : Mapped to ResourceHttpRequestHandler ["classpath:/META-INF/resources/", "classpath:/resources/", "classpath:/static/", "classpath:/public/", "/"]
2020-01-12 22:41:39 DEBUG 15492 --- [http-nio-8081-exec-9] o.s.w.s.r.ResourceHttpRequestHandler     : Resource not found
2020-01-12 22:41:39 DEBUG 15492 --- [http-nio-8081-exec-9] o.s.web.servlet.DispatcherServlet        : Completed 404 NOT_FOUND
2020-01-12 22:41:39 DEBUG 15492 --- [http-nio-8081-exec-10] o.s.web.servlet.DispatcherServlet        : Completed 200 OK
2020-01-12 22:41:39 DEBUG 15492 --- [http-nio-8081-exec-9] o.s.web.servlet.DispatcherServlet        : "ERROR" dispatch for GET "/error", parameters={}
2020-01-12 22:41:39 DEBUG 15492 --- [http-nio-8081-exec-1] o.s.web.servlet.DispatcherServlet        : Completed 200 OK
2020-01-12 22:41:39 DEBUG 15492 --- [http-nio-8081-exec-9] s.w.s.m.m.a.RequestMappingHandlerMapping : Mapped to org.springframework.boot.autoconfigure.web.servlet.error.BasicErrorController#error(HttpServletRequest)
2020-01-12 22:41:39 DEBUG 15492 --- [http-nio-8081-exec-9] o.s.w.s.m.m.a.HttpEntityMethodProcessor  : Using 'application/json;q=0.1', given [text/css, */*;q=0.1] and supported [application/json, application/json, application/*+json]
2020-01-12 22:41:39 DEBUG 15492 --- [http-nio-8081-exec-9] o.s.w.s.m.m.a.HttpEntityMethodProcessor  : Writing [{timestamp=Sun Jan 12 22:41:39 CST 2020, status=404, error=Not Found, message=No message available,  (truncated)...]
2020-01-12 22:41:39 DEBUG 15492 --- [http-nio-8081-exec-9] o.s.web.servlet.DispatcherServlet        : Exiting from "ERROR" dispatch, status 404
2020-01-12 22:45:46 DEBUG 15744 --- [restartedMain] o.s.web.context.ContextLoader            : Published root WebApplicationContext as ServletContext attribute with name [org.springframework.web.context.WebApplicationContext.ROOT]
2020-01-12 22:45:46  INFO 15744 --- [restartedMain] o.s.web.context.ContextLoader            : Root WebApplicationContext: initialization completed in 2490 ms
2020-01-12 22:45:47 DEBUG 15744 --- [restartedMain] o.s.b.w.s.ServletContextInitializerBeans : Mapping filters: filterRegistrationBean urls=[/*] order=-2147483647, springSecurityFilterChain urls=[/*] order=-100, xssFilter urls=[/api/*] order=2147483647, characterEncodingFilter urls=[/*] order=-2147483648, formContentFilter urls=[/*] order=-9900, requestContextFilter urls=[/*] order=-105, productionSecurityFilter urls=[/*] order=2147483647, securityBasicAuthFilter urls=[/*] order=2147483647
2020-01-12 22:45:47 DEBUG 15744 --- [restartedMain] o.s.b.w.s.ServletContextInitializerBeans : Mapping servlets: dispatcherServlet urls=[/]
2020-01-12 22:45:48 DEBUG 15744 --- [restartedMain] s.w.s.m.m.a.RequestMappingHandlerMapping : 11 mappings in 'requestMappingHandlerMapping'
2020-01-12 22:45:48  INFO 15744 --- [restartedMain] o.s.b.a.e.web.EndpointLinksResolver      : Exposing 2 endpoint(s) beneath base path '/actuator'
2020-01-12 22:45:48 DEBUG 15744 --- [restartedMain] s.w.s.m.m.a.RequestMappingHandlerAdapter : ControllerAdvice beans: 0 @ModelAttribute, 0 @InitBinder, 1 RequestBodyAdvice, 1 ResponseBodyAdvice
2020-01-12 22:45:48 DEBUG 15744 --- [restartedMain] o.s.w.s.handler.SimpleUrlHandlerMapping  : Patterns [/webjars/**, /**] in 'resourceHandlerMapping'
2020-01-12 22:45:48 DEBUG 15744 --- [restartedMain] .m.m.a.ExceptionHandlerExceptionResolver : ControllerAdvice beans: 2 @ExceptionHandler, 1 ResponseBodyAdvice
2020-01-12 22:45:48 DEBUG 15744 --- [restartedMain] o.s.w.s.s.s.ServerEndpointExporter       : Registering @ServerEndpoint class: class com.wmc.config.websocket.WebSocketServer
2020-01-12 22:46:08  INFO 15744 --- [http-nio-8081-exec-1] o.s.web.servlet.DispatcherServlet        : Initializing Servlet 'dispatcherServlet'
2020-01-12 22:46:08 DEBUG 15744 --- [http-nio-8081-exec-1] o.s.web.servlet.DispatcherServlet        : Detected StandardServletMultipartResolver
2020-01-12 22:46:08 DEBUG 15744 --- [http-nio-8081-exec-1] o.s.web.servlet.DispatcherServlet        : enableLoggingRequestDetails='false': request parameters and headers will be masked to prevent unsafe logging of potentially sensitive data
2020-01-12 22:46:08  INFO 15744 --- [http-nio-8081-exec-1] o.s.web.servlet.DispatcherServlet        : Completed initialization in 7 ms
2020-01-12 22:46:08 DEBUG 15744 --- [http-nio-8081-exec-1] o.s.web.servlet.DispatcherServlet        : GET "/page", parameters={}
2020-01-12 22:46:08 DEBUG 15744 --- [http-nio-8081-exec-1] s.w.s.m.m.a.RequestMappingHandlerMapping : Mapped to com.wmc.config.websocket.WebSocketPage#page()
2020-01-12 22:46:08 DEBUG 15744 --- [http-nio-8081-exec-1] o.s.w.s.v.ContentNegotiatingViewResolver : Selected 'text/html' given [text/html, application/xhtml+xml, image/webp, image/apng, application/xml;q=0.9, */*;q=0.8]
2020-01-12 22:46:08 DEBUG 15744 --- [http-nio-8081-exec-1] o.s.w.servlet.view.InternalResourceView  : View name '/index.html', model {}
2020-01-12 22:46:08 DEBUG 15744 --- [http-nio-8081-exec-1] o.s.w.servlet.view.InternalResourceView  : Forwarding to [/index.html]
2020-01-12 22:46:08 DEBUG 15744 --- [http-nio-8081-exec-1] o.s.web.servlet.DispatcherServlet        : "FORWARD" dispatch for GET "/index.html", parameters={}
2020-01-12 22:46:08 DEBUG 15744 --- [http-nio-8081-exec-1] o.s.w.s.handler.SimpleUrlHandlerMapping  : Mapped to ResourceHttpRequestHandler ["classpath:/META-INF/resources/", "classpath:/resources/", "classpath:/static/", "classpath:/public/", "/"]
2020-01-12 22:46:08 DEBUG 15744 --- [http-nio-8081-exec-1] o.s.web.servlet.DispatcherServlet        : Exiting from "FORWARD" dispatch, status 200
2020-01-12 22:46:08 DEBUG 15744 --- [http-nio-8081-exec-1] o.s.web.servlet.DispatcherServlet        : Completed 200 OK
2020-01-12 22:46:09 DEBUG 15744 --- [http-nio-8081-exec-2] o.s.web.servlet.DispatcherServlet        : GET "/layui/core/css/layui.css", parameters={}
2020-01-12 22:46:09 DEBUG 15744 --- [http-nio-8081-exec-3] o.s.web.servlet.DispatcherServlet        : GET "/layui/core/layui.js", parameters={}
2020-01-12 22:46:09 DEBUG 15744 --- [http-nio-8081-exec-4] o.s.web.servlet.DispatcherServlet        : GET "/index.js", parameters={}
2020-01-12 22:46:09 DEBUG 15744 --- [http-nio-8081-exec-2] o.s.w.s.handler.SimpleUrlHandlerMapping  : Mapped to ResourceHttpRequestHandler ["classpath:/META-INF/resources/", "classpath:/resources/", "classpath:/static/", "classpath:/public/", "/"]
2020-01-12 22:46:09 DEBUG 15744 --- [http-nio-8081-exec-3] o.s.w.s.handler.SimpleUrlHandlerMapping  : Mapped to ResourceHttpRequestHandler ["classpath:/META-INF/resources/", "classpath:/resources/", "classpath:/static/", "classpath:/public/", "/"]
2020-01-12 22:46:09 DEBUG 15744 --- [http-nio-8081-exec-4] o.s.w.s.handler.SimpleUrlHandlerMapping  : Mapped to ResourceHttpRequestHandler ["classpath:/META-INF/resources/", "classpath:/resources/", "classpath:/static/", "classpath:/public/", "/"]
2020-01-12 22:46:09 DEBUG 15744 --- [http-nio-8081-exec-4] o.s.web.servlet.DispatcherServlet        : Completed 200 OK
2020-01-12 22:46:09 DEBUG 15744 --- [http-nio-8081-exec-3] o.s.web.servlet.DispatcherServlet        : Completed 200 OK
2020-01-12 22:46:09 DEBUG 15744 --- [http-nio-8081-exec-2] o.s.web.servlet.DispatcherServlet        : Completed 200 OK
2020-01-12 22:46:09 DEBUG 15744 --- [http-nio-8081-exec-5] o.s.web.servlet.DispatcherServlet        : GET "/layui/core/lay/modules/laydate.js?v=1578698027194", parameters={masked}
2020-01-12 22:46:09 DEBUG 15744 --- [http-nio-8081-exec-5] o.s.w.s.handler.SimpleUrlHandlerMapping  : Mapped to ResourceHttpRequestHandler ["classpath:/META-INF/resources/", "classpath:/resources/", "classpath:/static/", "classpath:/public/", "/"]
2020-01-12 22:46:09 DEBUG 15744 --- [http-nio-8081-exec-5] o.s.web.servlet.DispatcherServlet        : Completed 200 OK
2020-01-12 22:46:09 DEBUG 15744 --- [http-nio-8081-exec-6] o.s.web.servlet.DispatcherServlet        : GET "/layui/core/css/modules/laydate/default/laydate.css?v=5.0.9", parameters={masked}
2020-01-12 22:46:09 DEBUG 15744 --- [http-nio-8081-exec-7] o.s.web.servlet.DispatcherServlet        : GET "/layui/core/lay/modules/laypage.js?v=1578698027194", parameters={masked}
2020-01-12 22:46:09 DEBUG 15744 --- [http-nio-8081-exec-6] o.s.w.s.handler.SimpleUrlHandlerMapping  : Mapped to ResourceHttpRequestHandler ["classpath:/META-INF/resources/", "classpath:/resources/", "classpath:/static/", "classpath:/public/", "/"]
2020-01-12 22:46:09 DEBUG 15744 --- [http-nio-8081-exec-7] o.s.w.s.handler.SimpleUrlHandlerMapping  : Mapped to ResourceHttpRequestHandler ["classpath:/META-INF/resources/", "classpath:/resources/", "classpath:/static/", "classpath:/public/", "/"]
2020-01-12 22:46:09 DEBUG 15744 --- [http-nio-8081-exec-6] o.s.web.servlet.DispatcherServlet        : Completed 200 OK
2020-01-12 22:46:09 DEBUG 15744 --- [http-nio-8081-exec-7] o.s.web.servlet.DispatcherServlet        : Completed 200 OK
2020-01-12 22:46:09 DEBUG 15744 --- [http-nio-8081-exec-8] o.s.web.servlet.DispatcherServlet        : GET "/layui/core/lay/modules/layer.js?v=1578698027194", parameters={masked}
2020-01-12 22:46:09 DEBUG 15744 --- [http-nio-8081-exec-8] o.s.w.s.handler.SimpleUrlHandlerMapping  : Mapped to ResourceHttpRequestHandler ["classpath:/META-INF/resources/", "classpath:/resources/", "classpath:/static/", "classpath:/public/", "/"]
2020-01-12 22:46:09 DEBUG 15744 --- [http-nio-8081-exec-8] o.s.web.servlet.DispatcherServlet        : Completed 200 OK
2020-01-12 22:46:09 DEBUG 15744 --- [http-nio-8081-exec-9] o.s.web.servlet.DispatcherServlet        : GET "/layui/core/css/modules/layer/default/layer.css?v=3.1.1", parameters={masked}
2020-01-12 22:46:09 DEBUG 15744 --- [http-nio-8081-exec-10] o.s.web.servlet.DispatcherServlet        : GET "/layui/core/lay/modules/jquery.js?v=1578698027194", parameters={masked}
2020-01-12 22:46:09 DEBUG 15744 --- [http-nio-8081-exec-10] o.s.w.s.handler.SimpleUrlHandlerMapping  : Mapped to ResourceHttpRequestHandler ["classpath:/META-INF/resources/", "classpath:/resources/", "classpath:/static/", "classpath:/public/", "/"]
2020-01-12 22:46:09 DEBUG 15744 --- [http-nio-8081-exec-9] o.s.w.s.handler.SimpleUrlHandlerMapping  : Mapped to ResourceHttpRequestHandler ["classpath:/META-INF/resources/", "classpath:/resources/", "classpath:/static/", "classpath:/public/", "/"]
2020-01-12 22:46:09 DEBUG 15744 --- [http-nio-8081-exec-9] o.s.web.servlet.DispatcherServlet        : Completed 200 OK
2020-01-12 22:46:09 DEBUG 15744 --- [http-nio-8081-exec-10] o.s.web.servlet.DispatcherServlet        : Completed 200 OK
2020-01-12 22:46:09 DEBUG 15744 --- [http-nio-8081-exec-1] o.s.web.servlet.DispatcherServlet        : GET "/layui/core/lay/modules/table.js?v=1578698027194", parameters={masked}
2020-01-12 22:46:09 DEBUG 15744 --- [http-nio-8081-exec-1] o.s.w.s.handler.SimpleUrlHandlerMapping  : Mapped to ResourceHttpRequestHandler ["classpath:/META-INF/resources/", "classpath:/resources/", "classpath:/static/", "classpath:/public/", "/"]
2020-01-12 22:46:09 DEBUG 15744 --- [http-nio-8081-exec-1] o.s.web.servlet.DispatcherServlet        : Completed 200 OK
2020-01-12 22:46:09 DEBUG 15744 --- [http-nio-8081-exec-4] o.s.web.servlet.DispatcherServlet        : GET "/layui/core/lay/modules/laytpl.js?v=1578698027194", parameters={masked}
2020-01-12 22:46:09 DEBUG 15744 --- [http-nio-8081-exec-4] o.s.w.s.handler.SimpleUrlHandlerMapping  : Mapped to ResourceHttpRequestHandler ["classpath:/META-INF/resources/", "classpath:/resources/", "classpath:/static/", "classpath:/public/", "/"]
2020-01-12 22:46:09 DEBUG 15744 --- [http-nio-8081-exec-4] o.s.web.servlet.DispatcherServlet        : Completed 200 OK
2020-01-12 22:46:09 DEBUG 15744 --- [http-nio-8081-exec-3] o.s.web.servlet.DispatcherServlet        : GET "/layui/core/lay/modules/form.js?v=1578698027194", parameters={masked}
2020-01-12 22:46:09 DEBUG 15744 --- [http-nio-8081-exec-3] o.s.w.s.handler.SimpleUrlHandlerMapping  : Mapped to ResourceHttpRequestHandler ["classpath:/META-INF/resources/", "classpath:/resources/", "classpath:/static/", "classpath:/public/", "/"]
2020-01-12 22:46:09 DEBUG 15744 --- [http-nio-8081-exec-3] o.s.web.servlet.DispatcherServlet        : Completed 200 OK
2020-01-12 22:46:09 DEBUG 15744 --- [http-nio-8081-exec-2] o.s.web.servlet.DispatcherServlet        : GET "/layui/core/lay/modules/util.js?v=1578698027194", parameters={masked}
2020-01-12 22:46:09 DEBUG 15744 --- [http-nio-8081-exec-2] o.s.w.s.handler.SimpleUrlHandlerMapping  : Mapped to ResourceHttpRequestHandler ["classpath:/META-INF/resources/", "classpath:/resources/", "classpath:/static/", "classpath:/public/", "/"]
2020-01-12 22:46:09 DEBUG 15744 --- [http-nio-8081-exec-2] o.s.web.servlet.DispatcherServlet        : Completed 200 OK
2020-01-12 22:46:09 DEBUG 15744 --- [http-nio-8081-exec-5] o.s.web.servlet.DispatcherServlet        : GET "/layui/core/lay/modules/carousel.js?v=1578698027194", parameters={masked}
2020-01-12 22:46:09 DEBUG 15744 --- [http-nio-8081-exec-5] o.s.w.s.handler.SimpleUrlHandlerMapping  : Mapped to ResourceHttpRequestHandler ["classpath:/META-INF/resources/", "classpath:/resources/", "classpath:/static/", "classpath:/public/", "/"]
2020-01-12 22:46:09 DEBUG 15744 --- [http-nio-8081-exec-5] o.s.web.servlet.DispatcherServlet        : Completed 200 OK
2020-01-12 22:46:09 DEBUG 15744 --- [http-nio-8081-exec-6] o.s.web.servlet.DispatcherServlet        : GET "/layui/core/lay/modules/upload.js?v=1578698027194", parameters={masked}
2020-01-12 22:46:09 DEBUG 15744 --- [http-nio-8081-exec-6] o.s.w.s.handler.SimpleUrlHandlerMapping  : Mapped to ResourceHttpRequestHandler ["classpath:/META-INF/resources/", "classpath:/resources/", "classpath:/static/", "classpath:/public/", "/"]
2020-01-12 22:46:09 DEBUG 15744 --- [http-nio-8081-exec-6] o.s.web.servlet.DispatcherServlet        : Completed 200 OK
2020-01-12 22:46:09 DEBUG 15744 --- [http-nio-8081-exec-7] o.s.web.servlet.DispatcherServlet        : GET "/layui/core/lay/modules/element.js?v=1578698027194", parameters={masked}
2020-01-12 22:46:09 DEBUG 15744 --- [http-nio-8081-exec-7] o.s.w.s.handler.SimpleUrlHandlerMapping  : Mapped to ResourceHttpRequestHandler ["classpath:/META-INF/resources/", "classpath:/resources/", "classpath:/static/", "classpath:/public/", "/"]
2020-01-12 22:46:09 DEBUG 15744 --- [http-nio-8081-exec-7] o.s.web.servlet.DispatcherServlet        : Completed 200 OK
2020-01-12 22:46:09 DEBUG 15744 --- [http-nio-8081-exec-8] o.s.web.servlet.DispatcherServlet        : GET "/layui/core/lay/modules/slider.js?v=1578698027194", parameters={masked}
2020-01-12 22:46:09 DEBUG 15744 --- [http-nio-8081-exec-8] o.s.w.s.handler.SimpleUrlHandlerMapping  : Mapped to ResourceHttpRequestHandler ["classpath:/META-INF/resources/", "classpath:/resources/", "classpath:/static/", "classpath:/public/", "/"]
2020-01-12 22:46:09 DEBUG 15744 --- [http-nio-8081-exec-8] o.s.web.servlet.DispatcherServlet        : Completed 200 OK
2020-01-12 22:46:18 DEBUG 15744 --- [http-nio-8081-exec-10] o.s.web.servlet.DispatcherServlet        : GET "/page", parameters={}
2020-01-12 22:46:18 DEBUG 15744 --- [http-nio-8081-exec-10] s.w.s.m.m.a.RequestMappingHandlerMapping : Mapped to com.wmc.config.websocket.WebSocketPage#page()
2020-01-12 22:46:18 DEBUG 15744 --- [http-nio-8081-exec-10] o.s.w.s.v.ContentNegotiatingViewResolver : Selected 'text/html' given [text/html, application/xhtml+xml, image/webp, image/apng, application/xml;q=0.9, */*;q=0.8]
2020-01-12 22:46:18 DEBUG 15744 --- [http-nio-8081-exec-10] o.s.w.servlet.view.InternalResourceView  : View name '/index.html', model {}
2020-01-12 22:46:18 DEBUG 15744 --- [http-nio-8081-exec-10] o.s.w.servlet.view.InternalResourceView  : Forwarding to [/index.html]
2020-01-12 22:46:18 DEBUG 15744 --- [http-nio-8081-exec-10] o.s.web.servlet.DispatcherServlet        : "FORWARD" dispatch for GET "/index.html", parameters={}
2020-01-12 22:46:18 DEBUG 15744 --- [http-nio-8081-exec-10] o.s.w.s.handler.SimpleUrlHandlerMapping  : Mapped to ResourceHttpRequestHandler ["classpath:/META-INF/resources/", "classpath:/resources/", "classpath:/static/", "classpath:/public/", "/"]
2020-01-12 22:46:18 DEBUG 15744 --- [http-nio-8081-exec-10] o.s.web.servlet.DispatcherServlet        : Exiting from "FORWARD" dispatch, status 200
2020-01-12 22:46:18 DEBUG 15744 --- [http-nio-8081-exec-10] o.s.web.servlet.DispatcherServlet        : Completed 200 OK
2020-01-12 22:46:18 DEBUG 15744 --- [http-nio-8081-exec-4] o.s.web.servlet.DispatcherServlet        : GET "/layui/core/css/layui.css", parameters={}
2020-01-12 22:46:18 DEBUG 15744 --- [http-nio-8081-exec-2] o.s.web.servlet.DispatcherServlet        : GET "/index.js", parameters={}
2020-01-12 22:46:18 DEBUG 15744 --- [http-nio-8081-exec-3] o.s.web.servlet.DispatcherServlet        : GET "/layui/core/layui.js", parameters={}
2020-01-12 22:46:18 DEBUG 15744 --- [http-nio-8081-exec-2] o.s.w.s.handler.SimpleUrlHandlerMapping  : Mapped to ResourceHttpRequestHandler ["classpath:/META-INF/resources/", "classpath:/resources/", "classpath:/static/", "classpath:/public/", "/"]
2020-01-12 22:46:18 DEBUG 15744 --- [http-nio-8081-exec-3] o.s.w.s.handler.SimpleUrlHandlerMapping  : Mapped to ResourceHttpRequestHandler ["classpath:/META-INF/resources/", "classpath:/resources/", "classpath:/static/", "classpath:/public/", "/"]
2020-01-12 22:46:18 DEBUG 15744 --- [http-nio-8081-exec-4] o.s.w.s.handler.SimpleUrlHandlerMapping  : Mapped to ResourceHttpRequestHandler ["classpath:/META-INF/resources/", "classpath:/resources/", "classpath:/static/", "classpath:/public/", "/"]
2020-01-12 22:46:18 DEBUG 15744 --- [http-nio-8081-exec-2] o.s.web.servlet.DispatcherServlet        : Completed 200 OK
2020-01-12 22:46:18 DEBUG 15744 --- [http-nio-8081-exec-3] o.s.web.servlet.DispatcherServlet        : Completed 200 OK
2020-01-12 22:46:18 DEBUG 15744 --- [http-nio-8081-exec-4] o.s.web.servlet.DispatcherServlet        : Completed 200 OK
2020-01-12 22:46:18 DEBUG 15744 --- [http-nio-8081-exec-5] o.s.web.servlet.DispatcherServlet        : GET "/layui/core/lay/modules/laydate.js?v=1578698027194", parameters={masked}
2020-01-12 22:46:18 DEBUG 15744 --- [http-nio-8081-exec-5] o.s.w.s.handler.SimpleUrlHandlerMapping  : Mapped to ResourceHttpRequestHandler ["classpath:/META-INF/resources/", "classpath:/resources/", "classpath:/static/", "classpath:/public/", "/"]
2020-01-12 22:46:18 DEBUG 15744 --- [http-nio-8081-exec-5] o.s.web.servlet.DispatcherServlet        : Completed 200 OK
2020-01-12 22:46:18 DEBUG 15744 --- [http-nio-8081-exec-6] o.s.web.servlet.DispatcherServlet        : GET "/layui/core/css/modules/laydate/default/laydate.css?v=5.0.9", parameters={masked}
2020-01-12 22:46:18 DEBUG 15744 --- [http-nio-8081-exec-7] o.s.web.servlet.DispatcherServlet        : GET "/layui/core/lay/modules/laypage.js?v=1578698027194", parameters={masked}
2020-01-12 22:46:18 DEBUG 15744 --- [http-nio-8081-exec-7] o.s.w.s.handler.SimpleUrlHandlerMapping  : Mapped to ResourceHttpRequestHandler ["classpath:/META-INF/resources/", "classpath:/resources/", "classpath:/static/", "classpath:/public/", "/"]
2020-01-12 22:46:18 DEBUG 15744 --- [http-nio-8081-exec-6] o.s.w.s.handler.SimpleUrlHandlerMapping  : Mapped to ResourceHttpRequestHandler ["classpath:/META-INF/resources/", "classpath:/resources/", "classpath:/static/", "classpath:/public/", "/"]
2020-01-12 22:46:18 DEBUG 15744 --- [http-nio-8081-exec-6] o.s.web.servlet.DispatcherServlet        : Completed 200 OK
2020-01-12 22:46:18 DEBUG 15744 --- [http-nio-8081-exec-7] o.s.web.servlet.DispatcherServlet        : Completed 200 OK
2020-01-12 22:46:18 DEBUG 15744 --- [http-nio-8081-exec-8] o.s.web.servlet.DispatcherServlet        : GET "/layui/core/lay/modules/layer.js?v=1578698027194", parameters={masked}
2020-01-12 22:46:18 DEBUG 15744 --- [http-nio-8081-exec-8] o.s.w.s.handler.SimpleUrlHandlerMapping  : Mapped to ResourceHttpRequestHandler ["classpath:/META-INF/resources/", "classpath:/resources/", "classpath:/static/", "classpath:/public/", "/"]
2020-01-12 22:46:18 DEBUG 15744 --- [http-nio-8081-exec-8] o.s.web.servlet.DispatcherServlet        : Completed 200 OK
2020-01-12 22:46:18 DEBUG 15744 --- [http-nio-8081-exec-9] o.s.web.servlet.DispatcherServlet        : GET "/layui/core/css/modules/layer/default/layer.css?v=3.1.1", parameters={masked}
2020-01-12 22:46:18 DEBUG 15744 --- [http-nio-8081-exec-10] o.s.web.servlet.DispatcherServlet        : GET "/layui/core/lay/modules/jquery.js?v=1578698027194", parameters={masked}
2020-01-12 22:46:18 DEBUG 15744 --- [http-nio-8081-exec-9] o.s.w.s.handler.SimpleUrlHandlerMapping  : Mapped to ResourceHttpRequestHandler ["classpath:/META-INF/resources/", "classpath:/resources/", "classpath:/static/", "classpath:/public/", "/"]
2020-01-12 22:46:18 DEBUG 15744 --- [http-nio-8081-exec-10] o.s.w.s.handler.SimpleUrlHandlerMapping  : Mapped to ResourceHttpRequestHandler ["classpath:/META-INF/resources/", "classpath:/resources/", "classpath:/static/", "classpath:/public/", "/"]
2020-01-12 22:46:18 DEBUG 15744 --- [http-nio-8081-exec-9] o.s.web.servlet.DispatcherServlet        : Completed 200 OK
2020-01-12 22:46:18 DEBUG 15744 --- [http-nio-8081-exec-10] o.s.web.servlet.DispatcherServlet        : Completed 200 OK
2020-01-12 22:46:18 DEBUG 15744 --- [http-nio-8081-exec-4] o.s.web.servlet.DispatcherServlet        : GET "/layui/core/lay/modules/table.js?v=1578698027194", parameters={masked}
2020-01-12 22:46:18 DEBUG 15744 --- [http-nio-8081-exec-4] o.s.w.s.handler.SimpleUrlHandlerMapping  : Mapped to ResourceHttpRequestHandler ["classpath:/META-INF/resources/", "classpath:/resources/", "classpath:/static/", "classpath:/public/", "/"]
2020-01-12 22:46:18 DEBUG 15744 --- [http-nio-8081-exec-4] o.s.web.servlet.DispatcherServlet        : Completed 200 OK
2020-01-12 22:46:18 DEBUG 15744 --- [http-nio-8081-exec-5] o.s.web.servlet.DispatcherServlet        : GET "/layui/core/lay/modules/laytpl.js?v=1578698027194", parameters={masked}
2020-01-12 22:46:18 DEBUG 15744 --- [http-nio-8081-exec-5] o.s.w.s.handler.SimpleUrlHandlerMapping  : Mapped to ResourceHttpRequestHandler ["classpath:/META-INF/resources/", "classpath:/resources/", "classpath:/static/", "classpath:/public/", "/"]
2020-01-12 22:46:18 DEBUG 15744 --- [http-nio-8081-exec-5] o.s.web.servlet.DispatcherServlet        : Completed 200 OK
2020-01-12 22:46:18 DEBUG 15744 --- [http-nio-8081-exec-6] o.s.web.servlet.DispatcherServlet        : GET "/layui/core/lay/modules/form.js?v=1578698027194", parameters={masked}
2020-01-12 22:46:18 DEBUG 15744 --- [http-nio-8081-exec-6] o.s.w.s.handler.SimpleUrlHandlerMapping  : Mapped to ResourceHttpRequestHandler ["classpath:/META-INF/resources/", "classpath:/resources/", "classpath:/static/", "classpath:/public/", "/"]
2020-01-12 22:46:18 DEBUG 15744 --- [http-nio-8081-exec-6] o.s.web.servlet.DispatcherServlet        : Completed 200 OK
2020-01-12 22:46:18 DEBUG 15744 --- [http-nio-8081-exec-7] o.s.web.servlet.DispatcherServlet        : GET "/layui/core/lay/modules/util.js?v=1578698027194", parameters={masked}
2020-01-12 22:46:18 DEBUG 15744 --- [http-nio-8081-exec-7] o.s.w.s.handler.SimpleUrlHandlerMapping  : Mapped to ResourceHttpRequestHandler ["classpath:/META-INF/resources/", "classpath:/resources/", "classpath:/static/", "classpath:/public/", "/"]
2020-01-12 22:46:18 DEBUG 15744 --- [http-nio-8081-exec-7] o.s.web.servlet.DispatcherServlet        : Completed 200 OK
2020-01-12 22:46:18 DEBUG 15744 --- [http-nio-8081-exec-8] o.s.web.servlet.DispatcherServlet        : GET "/layui/core/lay/modules/carousel.js?v=1578698027194", parameters={masked}
2020-01-12 22:46:18 DEBUG 15744 --- [http-nio-8081-exec-8] o.s.w.s.handler.SimpleUrlHandlerMapping  : Mapped to ResourceHttpRequestHandler ["classpath:/META-INF/resources/", "classpath:/resources/", "classpath:/static/", "classpath:/public/", "/"]
2020-01-12 22:46:18 DEBUG 15744 --- [http-nio-8081-exec-8] o.s.web.servlet.DispatcherServlet        : Completed 200 OK
2020-01-12 22:46:18 DEBUG 15744 --- [http-nio-8081-exec-9] o.s.web.servlet.DispatcherServlet        : GET "/layui/core/lay/modules/upload.js?v=1578698027194", parameters={masked}
2020-01-12 22:46:18 DEBUG 15744 --- [http-nio-8081-exec-9] o.s.w.s.handler.SimpleUrlHandlerMapping  : Mapped to ResourceHttpRequestHandler ["classpath:/META-INF/resources/", "classpath:/resources/", "classpath:/static/", "classpath:/public/", "/"]
2020-01-12 22:46:18 DEBUG 15744 --- [http-nio-8081-exec-9] o.s.web.servlet.DispatcherServlet        : Completed 200 OK
2020-01-12 22:46:18 DEBUG 15744 --- [http-nio-8081-exec-10] o.s.web.servlet.DispatcherServlet        : GET "/layui/core/lay/modules/element.js?v=1578698027194", parameters={masked}
2020-01-12 22:46:18 DEBUG 15744 --- [http-nio-8081-exec-10] o.s.w.s.handler.SimpleUrlHandlerMapping  : Mapped to ResourceHttpRequestHandler ["classpath:/META-INF/resources/", "classpath:/resources/", "classpath:/static/", "classpath:/public/", "/"]
2020-01-12 22:46:18 DEBUG 15744 --- [http-nio-8081-exec-10] o.s.web.servlet.DispatcherServlet        : Completed 200 OK
2020-01-12 22:46:18 DEBUG 15744 --- [http-nio-8081-exec-3] o.s.web.servlet.DispatcherServlet        : GET "/layui/core/lay/modules/slider.js?v=1578698027194", parameters={masked}
2020-01-12 22:46:18 DEBUG 15744 --- [http-nio-8081-exec-3] o.s.w.s.handler.SimpleUrlHandlerMapping  : Mapped to ResourceHttpRequestHandler ["classpath:/META-INF/resources/", "classpath:/resources/", "classpath:/static/", "classpath:/public/", "/"]
2020-01-12 22:46:18 DEBUG 15744 --- [http-nio-8081-exec-3] o.s.web.servlet.DispatcherServlet        : Completed 200 OK
